0 verbose cli /usr/local/bin/node /usr/local/bin/npm
1 info using npm@9.8.1
2 info using node@v18.19.0
3 timing npm:load:whichnode Completed in 13ms
4 timing config:load:defaults Completed in 5ms
5 timing config:load:file:/usr/local/lib/node_modules/npm/npmrc Completed in 0ms
6 timing config:load:builtin Completed in 0ms
7 warn config production Use `--omit=dev` instead.
8 timing config:load:cli Completed in 66ms
9 timing config:load:env Completed in 0ms
10 timing config:load:project Completed in 96ms
11 timing config:load:file:/home/container/.npmrc Completed in 0ms
12 timing config:load:user Completed in 0ms
13 timing config:load:file:/usr/local/etc/npmrc Completed in 0ms
14 timing config:load:global Completed in 1ms
15 timing config:load:setEnvs Completed in 1ms
16 timing config:load Completed in 169ms
17 timing npm:load:configload Completed in 169ms
18 timing config:load:flatten Completed in 4ms
19 timing npm:load:mkdirpcache Completed in 1ms
20 timing npm:load:mkdirplogs Completed in 3ms
21 verbose title npm install
22 verbose argv "install" "--production"
23 timing npm:load:setTitle Completed in 1ms
24 timing npm:load:display Completed in 2ms
25 verbose logfile logs-max:10 dir:/home/container/.npm/_logs/2023-12-17T03_28_45_605Z-
26 verbose logfile /home/container/.npm/_logs/2023-12-17T03_28_45_605Z-debug-0.log
27 timing npm:load:logFile Completed in 92ms
28 timing npm:load:timers Completed in 0ms
29 timing npm:load:configScope Completed in 0ms
30 timing npm:load Completed in 384ms
31 timing arborist:ctor Completed in 1ms
32 silly logfile done cleaning log files
33 timing idealTree:init Completed in 987ms
34 timing idealTree:userRequests Completed in 1ms
35 silly idealTree buildDeps
36 timing idealTree:#root Completed in 1ms
37 timing idealTree:buildDeps Completed in 1ms
38 timing idealTree:fixDepFlags Completed in 1ms
39 timing idealTree Completed in 994ms
40 timing arborist:ctor Completed in 0ms
41 timing reify:loadTrees Completed in 1198ms
42 timing reify:diffTrees Completed in 85ms
43 silly reify moves {}
44 timing reify:retireShallow Completed in 2ms
45 timing reify:createSparse Completed in 1ms
46 timing reify:trashOmits Completed in 0ms
47 timing reify:loadBundles Completed in 0ms
48 silly audit bulk request {
48 silly audit   '@derockdev/discord-components-core': [ '3.6.1' ],
48 silly audit   '@derockdev/discord-components-react': [ '3.6.1' ],
48 silly audit   '@discordjs/builders': [ '1.6.5' ],
48 silly audit   '@discordjs/util': [ '1.0.1', '0.3.1' ],
48 silly audit   'discord-api-types': [ '0.37.50', '0.37.56' ],
48 silly audit   '@discordjs/collection': [ '1.5.3' ],
48 silly audit   '@discordjs/formatters': [ '0.3.2' ],
48 silly audit   '@discordjs/rest': [ '1.7.1', '2.0.1' ],
48 silly audit   '@discordjs/ws': [ '1.0.1' ],
48 silly audit   undici: [ '5.22.1', '5.23.0' ],
48 silly audit   '@sapphire/async-queue': [ '1.5.0' ],
48 silly audit   '@sapphire/shapeshift': [ '3.9.2' ],
48 silly audit   '@sapphire/snowflake': [ '3.5.1' ],
48 silly audit   '@stencil/core': [ '3.4.2' ],
48 silly audit   '@tokenizer/token': [ '0.3.0' ],
48 silly audit   '@types/node': [ '20.5.9' ],
48 silly audit   '@types/prop-types': [ '15.7.5' ],
48 silly audit   '@types/react': [ '18.2.21' ],
48 silly audit   '@types/scheduler': [ '0.16.3' ],
48 silly audit   '@types/ws': [ '8.5.5' ],
48 silly audit   '@vladfrangu/async_event_emitter': [ '2.2.2' ],
48 silly audit   'ansi-colors': [ '4.1.3' ],
48 silly audit   argparse: [ '2.0.1' ],
48 silly audit   asynckit: [ '0.4.0' ],
48 silly audit   atob: [ '2.1.2' ],
48 silly audit   axios: [ '1.5.0' ],
48 silly audit   'balanced-match': [ '1.0.2' ],
48 silly audit   'base64-js': [ '1.5.1' ],
48 silly audit   'better-sqlite3': [ '8.6.0' ],
48 silly audit   bindings: [ '1.5.0' ],
48 silly audit   bl: [ '4.1.0' ],
48 silly audit   'brace-expansion': [ '1.1.11' ],
48 silly audit   buffer: [ '5.7.1' ],
48 silly audit   'buffer-crc32': [ '0.2.13' ],
48 silly audit   busboy: [ '1.6.0' ],
48 silly audit   'call-bind': [ '1.0.2' ],
48 silly audit   chownr: [ '1.1.4' ],
48 silly audit   clsx: [ '1.2.1' ],
48 silly audit   'combined-stream': [ '1.0.8' ],
48 silly audit   'concat-map': [ '0.0.1' ],
48 silly audit   csstype: [ '3.1.2' ],
48 silly audit   'decompress-response': [ '6.0.0' ],
48 silly audit   'deep-extend': [ '0.6.0' ],
48 silly audit   'delayed-stream': [ '1.0.0' ],
48 silly audit   'detect-libc': [ '2.0.2' ],
48 silly audit   'discord-html-transcripts': [ '3.1.5' ],
48 silly audit   'discord-markdown-parser': [ '1.1.0' ],
48 silly audit   'discord.js': [ '14.13.0' ],
48 silly audit   'emoji-regex': [ '10.2.1' ],
48 silly audit   'end-of-stream': [ '1.4.4' ],
48 silly audit   enmap: [ '5.9.8' ],
48 silly audit   'expand-template': [ '2.0.3' ],
48 silly audit   'fast-deep-equal': [ '3.1.3' ],
48 silly audit   'file-type': [ '18.5.0' ],
48 silly audit   'file-uri-to-path': [ '1.0.0' ],
48 silly audit   'follow-redirects': [ '1.15.2' ],
48 silly audit   'form-data': [ '4.0.0' ],
48 silly audit   'fs-constants': [ '1.0.0' ],
48 silly audit   'fs-extra': [ '8.1.0' ],
48 silly audit   jsonfile: [ '4.0.0', '5.0.0' ],
48 silly audit   'fs.realpath': [ '1.0.0' ],
48 silly audit   'function-bind': [ '1.1.1' ],
48 silly audit   'get-intrinsic': [ '1.2.1' ],
48 silly audit   'github-from-package': [ '0.0.0' ],
48 silly audit   glob: [ '7.2.3' ],
48 silly audit   'graceful-fs': [ '4.2.11' ],
48 silly audit   has: [ '1.0.3' ],
48 silly audit   'has-proto': [ '1.0.1' ],
48 silly audit   'has-symbols': [ '1.0.3' ],
48 silly audit   'hex-to-rgba': [ '2.0.1' ],
48 silly audit   'highlight.js': [ '11.8.0' ],
48 silly audit   ieee754: [ '1.2.1' ],
48 silly audit   inflight: [ '1.0.6' ],
48 silly audit   inherits: [ '2.0.4' ],
48 silly audit   ini: [ '1.3.8' ],
48 silly audit   'js-tokens': [ '4.0.0' ],
48 silly audit   'js-yaml': [ '4.1.0' ],
48 silly audit   lodash: [ '4.17.21' ],
48 silly audit   'lodash.snakecase': [ '4.1.1' ],
48 silly audit   'loose-envify': [ '1.4.0' ],
48 silly audit   'lru-cache': [ '6.0.0' ],
48 silly audit   'magic-bytes.js': [ '1.0.15' ],
48 silly audit   'mime-db': [ '1.52.0' ],
48 silly audit   'mime-types': [ '2.1.35' ],
48 silly audit   'mimic-response': [ '3.1.0' ],
48 silly audit   minimatch: [ '3.1.2' ],
48 silly audit   minimist: [ '1.2.8' ],
48 silly audit   'mkdirp-classic': [ '0.5.3' ],
48 silly audit   moment: [ '2.29.4' ],
48 silly audit   'moment-timezone': [ '0.5.43' ],
48 silly audit   ms: [ '2.1.3' ],
48 silly audit   'napi-build-utils': [ '1.0.2' ],
48 silly audit   'node-abi': [ '3.47.0' ],
48 silly audit   semver: [ '7.5.4', '5.7.2' ],
48 silly audit   'node-fetch': [ '2.7.0' ],
48 silly audit   'object-inspect': [ '1.12.3' ],
48 silly audit   'on-change': [ '3.0.2' ],
48 silly audit   once: [ '1.4.0' ],
48 silly audit   'path-is-absolute': [ '1.0.1' ],
48 silly audit   'paypal-rest-sdk': [ '1.8.1' ],
48 silly audit   'peek-readable': [ '5.0.0' ],
48 silly audit   'prebuild-install': [ '7.1.1' ],
48 silly audit   'proxy-from-env': [ '1.1.0' ],
48 silly audit   pump: [ '3.0.0' ],
48 silly audit   qs: [ '6.11.2' ],
48 silly audit   randombytes: [ '2.1.0' ],
48 silly audit   rc: [ '1.2.8' ],
48 silly audit   react: [ '18.2.0' ],
48 silly audit   'react-dom': [ '18.2.0' ],
48 silly audit   'readable-stream': [ '3.6.2' ],
48 silly audit   'readable-web-to-node-stream': [ '3.0.2' ],
48 silly audit   'safe-buffer': [ '5.2.1' ],
48 silly audit   scheduler: [ '0.23.0' ],
48 silly audit   'serialize-javascript': [ '6.0.1' ],
48 silly audit   'side-channel': [ '1.0.4' ],
48 silly audit   'simple-concat': [ '1.0.1' ],
48 silly audit   'simple-get': [ '4.0.1' ],
48 silly audit   'simple-markdown': [ '0.7.3' ],
48 silly audit   streamsearch: [ '1.1.0' ],
48 silly audit   string_decoder: [ '1.3.0' ],
48 silly audit   'strip-json-comments': [ '2.0.1' ],
48 silly audit   stripe: [ '10.17.0' ],
48 silly audit   strtok3: [ '7.0.0' ],
48 silly audit   'tar-fs': [ '2.1.1' ],
48 silly audit   'tar-stream': [ '2.2.0' ],
48 silly audit   'token-types': [ '5.0.1' ],
48 silly audit   tr46: [ '0.0.3' ],
48 silly audit   'ts-mixer': [ '6.0.3' ],
48 silly audit   tslib: [ '2.6.2' ],
48 silly audit   'tunnel-agent': [ '0.6.0' ],
48 silly audit   twemoji: [ '14.0.2' ],
48 silly audit   'twemoji-parser': [ '14.0.0' ],
48 silly audit   universalify: [ '0.1.2' ],
48 silly audit   'util-deprecate': [ '1.0.2' ],
48 silly audit   'webidl-conversions': [ '3.0.1' ],
48 silly audit   'whatwg-url': [ '5.0.0' ],
48 silly audit   wrappy: [ '1.0.2' ],
48 silly audit   ws: [ '8.13.0' ],
48 silly audit   yallist: [ '4.0.0' ]
48 silly audit }
49 timing reify:unpack Completed in 4ms
50 timing reify:unretire Completed in 0ms
51 timing build:queue Completed in 0ms
52 timing build:deps Completed in 75ms
53 timing build Completed in 75ms
54 timing reify:build Completed in 76ms
55 timing reify:trash Completed in 0ms
56 timing reify:save Completed in 308ms
57 http fetch POST 200 https://registry.npmjs.org/-/npm/v1/security/advisories/bulk 1179ms
58 timing auditReport:getReport Completed in 1186ms
59 silly audit report {
59 silly audit report   undici: [
59 silly audit report     {
59 silly audit report       id: 1094515,
59 silly audit report       url: 'https://github.com/advisories/GHSA-wqq4-5wpv-mx2g',
59 silly audit report       title: "Undici's cookie header not cleared on cross-origin redirect in fetch",
59 silly audit report       severity: 'low',
59 silly audit report       vulnerable_versions: '<5.26.2',
59 silly audit report       cwe: [Array],
59 silly audit report       cvss: [Object]
59 silly audit report     }
59 silly audit report   ],
59 silly audit report   axios: [
59 silly audit report     {
59 silly audit report       id: 1094889,
59 silly audit report       url: 'https://github.com/advisories/GHSA-wf5p-g6vw-rhxx',
59 silly audit report       title: 'Axios Cross-Site Request Forgery Vulnerability',
59 silly audit report       severity: 'moderate',
59 silly audit report       vulnerable_versions: '>=0.8.1 <1.6.0',
59 silly audit report       cwe: [Array],
59 silly audit report       cvss: [Object]
59 silly audit report     }
59 silly audit report   ]
59 silly audit report }
60 timing metavuln:cache:get:security-advisory:axios:Jphyrph0xSBoV7rAKQ5sxe+Zizq65vm72MJltviDtKidjsZwX/gC36j+hz03tZ86vHMEkACxqA4FcmoDJt5vmg== Completed in 58ms
61 timing metavuln:cache:get:security-advisory:undici:LVA0PUXDNBReLTPS+TI9Iu88e+KDflnyDmYT5ai963hfhyA/0DSzDjvIOEG4SWPsxW9YWYBdJdqNBVOnk7adeA== Completed in 60ms
62 http fetch GET 200 https://registry.npmjs.org/undici 119ms (cache revalidated)
63 timing metavuln:packument:undici Completed in 124ms
64 timing metavuln:load:security-advisory:undici:1094515 Completed in 3ms
65 timing metavuln:calculate:security-advisory:undici:1094515 Completed in 128ms
66 http fetch GET 200 https://registry.npmjs.org/axios 150ms (cache revalidated)
67 timing metavuln:packument:axios Completed in 154ms
68 timing metavuln:load:security-advisory:axios:1094889 Completed in 56ms
69 timing metavuln:calculate:security-advisory:axios:1094889 Completed in 211ms
70 timing metavuln:cache:get:security-advisory:discord-html-transcripts:fQfTyWOEIp+xwBY+0A3dvSuYcN7rRhB/uI/CbtPLdbIzVrQcjCGptomUzTM1pZiCzNhuctz0RQBoFfNHBcbKbQ== Completed in 10ms
71 timing metavuln:cache:get:security-advisory:@discordjs/rest:nTbAso0h2wSeYTBYupB0K+vc5TWeneF8gvjQxyUOfJnMv9zRWfuBYh+72sxQH3iJnB8thnUG2rvwpneUegvCrg== Completed in 12ms
72 timing metavuln:cache:get:security-advisory:discord.js:35+Fog3shpS45AdC9bHlQQ0Q2cszKszFxgVxSzXOjPgoKgodYqPWFwxAAtPxz//2Q4hux8likNPgvMtmlszAJw== Completed in 11ms
73 http fetch GET 200 https://registry.npmjs.org/discord.js 120ms (cache revalidated)
74 timing metavuln:packument:discord.js Completed in 209ms
75 timing metavuln:load:security-advisory:discord.js:LVA0PUXDNBReLTPS+TI9Iu88e+KDflnyDmYT5ai963hfhyA/0DSzDjvIOEG4SWPsxW9YWYBdJdqNBVOnk7adeA== Completed in 192ms
76 timing metavuln:calculate:security-advisory:discord.js:LVA0PUXDNBReLTPS+TI9Iu88e+KDflnyDmYT5ai963hfhyA/0DSzDjvIOEG4SWPsxW9YWYBdJdqNBVOnk7adeA== Completed in 491ms
77 http fetch GET 200 https://registry.npmjs.org/@discordjs%2frest 496ms (cache revalidated)
78 timing metavuln:packument:@discordjs/rest Completed in 598ms
79 timing metavuln:load:security-advisory:@discordjs/rest:LVA0PUXDNBReLTPS+TI9Iu88e+KDflnyDmYT5ai963hfhyA/0DSzDjvIOEG4SWPsxW9YWYBdJdqNBVOnk7adeA== Completed in 195ms
80 timing metavuln:calculate:security-advisory:@discordjs/rest:LVA0PUXDNBReLTPS+TI9Iu88e+KDflnyDmYT5ai963hfhyA/0DSzDjvIOEG4SWPsxW9YWYBdJdqNBVOnk7adeA== Completed in 794ms
81 http fetch GET 200 https://registry.npmjs.org/discord-html-transcripts 1647ms (cache revalidated)
82 timing metavuln:packument:discord-html-transcripts Completed in 1649ms
83 timing metavuln:load:security-advisory:discord-html-transcripts:LVA0PUXDNBReLTPS+TI9Iu88e+KDflnyDmYT5ai963hfhyA/0DSzDjvIOEG4SWPsxW9YWYBdJdqNBVOnk7adeA== Completed in 0ms
84 timing metavuln:calculate:security-advisory:discord-html-transcripts:LVA0PUXDNBReLTPS+TI9Iu88e+KDflnyDmYT5ai963hfhyA/0DSzDjvIOEG4SWPsxW9YWYBdJdqNBVOnk7adeA== Completed in 1649ms
85 timing metavuln:cache:get:security-advisory:discord-html-transcripts:S9po9wY4a89EMUD8JWrud3X9LEYJaNSJrlPTC0+SYC/0gP9G7ChKxNm9sWmUoxL4tor4F7giakZqWAKazgxqYA== Completed in 46ms
86 timing metavuln:load:security-advisory:discord-html-transcripts:35+Fog3shpS45AdC9bHlQQ0Q2cszKszFxgVxSzXOjPgoKgodYqPWFwxAAtPxz//2Q4hux8likNPgvMtmlszAJw== Completed in 0ms
87 timing metavuln:calculate:security-advisory:discord-html-transcripts:35+Fog3shpS45AdC9bHlQQ0Q2cszKszFxgVxSzXOjPgoKgodYqPWFwxAAtPxz//2Q4hux8likNPgvMtmlszAJw== Completed in 47ms
88 timing metavuln:cache:get:security-advisory:@discordjs/ws:+mHKy+ULb5O8bpaLVgOY2Yg6G3AifFXHYj7eJYJwqveYNV7dMI5izxWcwc1tPKfTahRq5mxP53r3gDP9Sgh2rQ== Completed in 196ms
89 timing metavuln:cache:get:security-advisory:discord.js:MYNh95YeDJpTLiCTjYqhNIgyZjoA5CWozXUwHNd5xsx6on+2nmNOuiVk8yOZ1cb/X7FKWkv4m/xk7fCACYQyRw== Completed in 103ms
90 timing metavuln:load:security-advisory:discord.js:nTbAso0h2wSeYTBYupB0K+vc5TWeneF8gvjQxyUOfJnMv9zRWfuBYh+72sxQH3iJnB8thnUG2rvwpneUegvCrg== Completed in 134ms
91 timing metavuln:calculate:security-advisory:discord.js:nTbAso0h2wSeYTBYupB0K+vc5TWeneF8gvjQxyUOfJnMv9zRWfuBYh+72sxQH3iJnB8thnUG2rvwpneUegvCrg== Completed in 238ms
92 http fetch GET 200 https://registry.npmjs.org/@discordjs%2fws 643ms (cache revalidated)
93 timing metavuln:packument:@discordjs/ws Completed in 705ms
94 timing metavuln:load:security-advisory:@discordjs/ws:nTbAso0h2wSeYTBYupB0K+vc5TWeneF8gvjQxyUOfJnMv9zRWfuBYh+72sxQH3iJnB8thnUG2rvwpneUegvCrg== Completed in 17ms
95 timing metavuln:calculate:security-advisory:@discordjs/ws:nTbAso0h2wSeYTBYupB0K+vc5TWeneF8gvjQxyUOfJnMv9zRWfuBYh+72sxQH3iJnB8thnUG2rvwpneUegvCrg== Completed in 722ms
96 timing auditReport:init Completed in 2733ms
97 timing reify:audit Completed in 3921ms
98 timing reify Completed in 5302ms
99 timing command:install Completed in 6301ms
100 verbose exit 0
101 timing npm Completed in 7809ms
102 info ok
