0 verbose cli /usr/local/bin/node /usr/local/bin/npm
1 info using npm@9.8.1
2 info using node@v18.19.0
3 timing npm:load:whichnode Completed in 6ms
4 timing config:load:defaults Completed in 107ms
5 timing config:load:file:/usr/local/lib/node_modules/npm/npmrc Completed in 61ms
6 timing config:load:builtin Completed in 62ms
7 timing config:load:cli Completed in 22ms
8 timing config:load:env Completed in 1ms
9 timing config:load:project Completed in 1ms
10 timing config:load:file:/home/container/.npmrc Completed in 0ms
11 timing config:load:user Completed in 0ms
12 timing config:load:file:/usr/local/etc/npmrc Completed in 0ms
13 timing config:load:global Completed in 0ms
14 timing config:load:setEnvs Completed in 3ms
15 timing config:load Completed in 197ms
16 timing npm:load:configload Completed in 197ms
17 timing config:load:flatten Completed in 3ms
18 timing npm:load:mkdirpcache Completed in 0ms
19 timing npm:load:mkdirplogs Completed in 0ms
20 verbose title npm install
21 verbose argv "install"
22 timing npm:load:setTitle Completed in 1ms
23 timing npm:load:display Completed in 1ms
24 verbose logfile logs-max:10 dir:/home/container/.npm/_logs/2023-12-17T03_18_07_197Z-
25 verbose logfile /home/container/.npm/_logs/2023-12-17T03_18_07_197Z-debug-0.log
26 timing npm:load:logFile Completed in 192ms
27 timing npm:load:timers Completed in 0ms
28 timing npm:load:configScope Completed in 0ms
29 timing npm:load Completed in 480ms
30 timing arborist:ctor Completed in 1ms
31 silly logfile done cleaning log files
32 timing idealTree:init Completed in 1374ms
33 timing idealTree:userRequests Completed in 8ms
34 silly idealTree buildDeps
35 timing idealTree:#root Completed in 0ms
36 timing idealTree:buildDeps Completed in 2ms
37 timing idealTree:fixDepFlags Completed in 2ms
38 timing idealTree Completed in 1472ms
39 timing arborist:ctor Completed in 1ms
40 timing reify:loadTrees Completed in 1981ms
41 timing reify:diffTrees Completed in 10ms
42 silly reify moves {}
43 timing reify:retireShallow Completed in 2ms
44 timing reify:createSparse Completed in 0ms
45 timing reify:loadBundles Completed in 0ms
46 silly audit bulk request {
46 silly audit   '@derockdev/discord-components-core': [ '3.6.1' ],
46 silly audit   '@derockdev/discord-components-react': [ '3.6.1' ],
46 silly audit   '@discordjs/builders': [ '1.6.5' ],
46 silly audit   '@discordjs/util': [ '1.0.1', '0.3.1' ],
46 silly audit   'discord-api-types': [ '0.37.50', '0.37.56' ],
46 silly audit   '@discordjs/collection': [ '1.5.3' ],
46 silly audit   '@discordjs/formatters': [ '0.3.2' ],
46 silly audit   '@discordjs/rest': [ '1.7.1', '2.0.1' ],
46 silly audit   '@discordjs/ws': [ '1.0.1' ],
46 silly audit   undici: [ '5.22.1', '5.23.0' ],
46 silly audit   '@sapphire/async-queue': [ '1.5.0' ],
46 silly audit   '@sapphire/shapeshift': [ '3.9.2' ],
46 silly audit   '@sapphire/snowflake': [ '3.5.1' ],
46 silly audit   '@stencil/core': [ '3.4.2' ],
46 silly audit   '@tokenizer/token': [ '0.3.0' ],
46 silly audit   '@types/node': [ '20.5.9' ],
46 silly audit   '@types/prop-types': [ '15.7.5' ],
46 silly audit   '@types/react': [ '18.2.21' ],
46 silly audit   '@types/scheduler': [ '0.16.3' ],
46 silly audit   '@types/ws': [ '8.5.5' ],
46 silly audit   '@vladfrangu/async_event_emitter': [ '2.2.2' ],
46 silly audit   'ansi-colors': [ '4.1.3' ],
46 silly audit   argparse: [ '2.0.1' ],
46 silly audit   asynckit: [ '0.4.0' ],
46 silly audit   atob: [ '2.1.2' ],
46 silly audit   axios: [ '1.5.0' ],
46 silly audit   'balanced-match': [ '1.0.2' ],
46 silly audit   'base64-js': [ '1.5.1' ],
46 silly audit   'better-sqlite3': [ '8.6.0' ],
46 silly audit   bindings: [ '1.5.0' ],
46 silly audit   bl: [ '4.1.0' ],
46 silly audit   'brace-expansion': [ '1.1.11' ],
46 silly audit   buffer: [ '5.7.1' ],
46 silly audit   'buffer-crc32': [ '0.2.13' ],
46 silly audit   busboy: [ '1.6.0' ],
46 silly audit   'call-bind': [ '1.0.2' ],
46 silly audit   chownr: [ '1.1.4' ],
46 silly audit   clsx: [ '1.2.1' ],
46 silly audit   'combined-stream': [ '1.0.8' ],
46 silly audit   'concat-map': [ '0.0.1' ],
46 silly audit   csstype: [ '3.1.2' ],
46 silly audit   'decompress-response': [ '6.0.0' ],
46 silly audit   'deep-extend': [ '0.6.0' ],
46 silly audit   'delayed-stream': [ '1.0.0' ],
46 silly audit   'detect-libc': [ '2.0.2' ],
46 silly audit   'discord-html-transcripts': [ '3.1.5' ],
46 silly audit   'discord-markdown-parser': [ '1.1.0' ],
46 silly audit   'discord.js': [ '14.13.0' ],
46 silly audit   'emoji-regex': [ '10.2.1' ],
46 silly audit   'end-of-stream': [ '1.4.4' ],
46 silly audit   enmap: [ '5.9.8' ],
46 silly audit   'expand-template': [ '2.0.3' ],
46 silly audit   'fast-deep-equal': [ '3.1.3' ],
46 silly audit   'file-type': [ '18.5.0' ],
46 silly audit   'file-uri-to-path': [ '1.0.0' ],
46 silly audit   'follow-redirects': [ '1.15.2' ],
46 silly audit   'form-data': [ '4.0.0' ],
46 silly audit   'fs-constants': [ '1.0.0' ],
46 silly audit   'fs-extra': [ '8.1.0' ],
46 silly audit   jsonfile: [ '4.0.0', '5.0.0' ],
46 silly audit   'fs.realpath': [ '1.0.0' ],
46 silly audit   'function-bind': [ '1.1.1' ],
46 silly audit   'get-intrinsic': [ '1.2.1' ],
46 silly audit   'github-from-package': [ '0.0.0' ],
46 silly audit   glob: [ '7.2.3' ],
46 silly audit   'graceful-fs': [ '4.2.11' ],
46 silly audit   has: [ '1.0.3' ],
46 silly audit   'has-proto': [ '1.0.1' ],
46 silly audit   'has-symbols': [ '1.0.3' ],
46 silly audit   'hex-to-rgba': [ '2.0.1' ],
46 silly audit   'highlight.js': [ '11.8.0' ],
46 silly audit   ieee754: [ '1.2.1' ],
46 silly audit   inflight: [ '1.0.6' ],
46 silly audit   inherits: [ '2.0.4' ],
46 silly audit   ini: [ '1.3.8' ],
46 silly audit   'js-tokens': [ '4.0.0' ],
46 silly audit   'js-yaml': [ '4.1.0' ],
46 silly audit   lodash: [ '4.17.21' ],
46 silly audit   'lodash.snakecase': [ '4.1.1' ],
46 silly audit   'loose-envify': [ '1.4.0' ],
46 silly audit   'lru-cache': [ '6.0.0' ],
46 silly audit   'magic-bytes.js': [ '1.0.15' ],
46 silly audit   'mime-db': [ '1.52.0' ],
46 silly audit   'mime-types': [ '2.1.35' ],
46 silly audit   'mimic-response': [ '3.1.0' ],
46 silly audit   minimatch: [ '3.1.2' ],
46 silly audit   minimist: [ '1.2.8' ],
46 silly audit   'mkdirp-classic': [ '0.5.3' ],
46 silly audit   moment: [ '2.29.4' ],
46 silly audit   'moment-timezone': [ '0.5.43' ],
46 silly audit   ms: [ '2.1.3' ],
46 silly audit   'napi-build-utils': [ '1.0.2' ],
46 silly audit   'node-abi': [ '3.47.0' ],
46 silly audit   semver: [ '7.5.4', '5.7.2' ],
46 silly audit   'node-fetch': [ '2.7.0' ],
46 silly audit   'object-inspect': [ '1.12.3' ],
46 silly audit   'on-change': [ '3.0.2' ],
46 silly audit   once: [ '1.4.0' ],
46 silly audit   'path-is-absolute': [ '1.0.1' ],
46 silly audit   'paypal-rest-sdk': [ '1.8.1' ],
46 silly audit   'peek-readable': [ '5.0.0' ],
46 silly audit   'prebuild-install': [ '7.1.1' ],
46 silly audit   'proxy-from-env': [ '1.1.0' ],
46 silly audit   pump: [ '3.0.0' ],
46 silly audit   qs: [ '6.11.2' ],
46 silly audit   randombytes: [ '2.1.0' ],
46 silly audit   rc: [ '1.2.8' ],
46 silly audit   react: [ '18.2.0' ],
46 silly audit   'react-dom': [ '18.2.0' ],
46 silly audit   'readable-stream': [ '3.6.2' ],
46 silly audit   'readable-web-to-node-stream': [ '3.0.2' ],
46 silly audit   'safe-buffer': [ '5.2.1' ],
46 silly audit   scheduler: [ '0.23.0' ],
46 silly audit   'serialize-javascript': [ '6.0.1' ],
46 silly audit   'side-channel': [ '1.0.4' ],
46 silly audit   'simple-concat': [ '1.0.1' ],
46 silly audit   'simple-get': [ '4.0.1' ],
46 silly audit   'simple-markdown': [ '0.7.3' ],
46 silly audit   streamsearch: [ '1.1.0' ],
46 silly audit   string_decoder: [ '1.3.0' ],
46 silly audit   'strip-json-comments': [ '2.0.1' ],
46 silly audit   stripe: [ '10.17.0' ],
46 silly audit   strtok3: [ '7.0.0' ],
46 silly audit   'tar-fs': [ '2.1.1' ],
46 silly audit   'tar-stream': [ '2.2.0' ],
46 silly audit   'token-types': [ '5.0.1' ],
46 silly audit   tr46: [ '0.0.3' ],
46 silly audit   'ts-mixer': [ '6.0.3' ],
46 silly audit   tslib: [ '2.6.2' ],
46 silly audit   'tunnel-agent': [ '0.6.0' ],
46 silly audit   twemoji: [ '14.0.2' ],
46 silly audit   'twemoji-parser': [ '14.0.0' ],
46 silly audit   universalify: [ '0.1.2' ],
46 silly audit   'util-deprecate': [ '1.0.2' ],
46 silly audit   'webidl-conversions': [ '3.0.1' ],
46 silly audit   'whatwg-url': [ '5.0.0' ],
46 silly audit   wrappy: [ '1.0.2' ],
46 silly audit   ws: [ '8.13.0' ],
46 silly audit   yallist: [ '4.0.0' ]
46 silly audit }
47 timing reify:unpack Completed in 20ms
48 timing reify:unretire Completed in 0ms
49 timing build:queue Completed in 0ms
50 timing build:deps Completed in 1ms
51 timing build Completed in 1ms
52 timing reify:build Completed in 1ms
53 timing reify:trash Completed in 0ms
54 timing reify:save Completed in 511ms
55 http fetch POST 200 https://registry.npmjs.org/-/npm/v1/security/advisories/bulk 1893ms
56 timing auditReport:getReport Completed in 1995ms
57 silly audit report {
57 silly audit report   undici: [
57 silly audit report     {
57 silly audit report       id: 1094515,
57 silly audit report       url: 'https://github.com/advisories/GHSA-wqq4-5wpv-mx2g',
57 silly audit report       title: "Undici's cookie header not cleared on cross-origin redirect in fetch",
57 silly audit report       severity: 'low',
57 silly audit report       vulnerable_versions: '<5.26.2',
57 silly audit report       cwe: [Array],
57 silly audit report       cvss: [Object]
57 silly audit report     }
57 silly audit report   ],
57 silly audit report   axios: [
57 silly audit report     {
57 silly audit report       id: 1094889,
57 silly audit report       url: 'https://github.com/advisories/GHSA-wf5p-g6vw-rhxx',
57 silly audit report       title: 'Axios Cross-Site Request Forgery Vulnerability',
57 silly audit report       severity: 'moderate',
57 silly audit report       vulnerable_versions: '>=0.8.1 <1.6.0',
57 silly audit report       cwe: [Array],
57 silly audit report       cvss: [Object]
57 silly audit report     }
57 silly audit report   ]
57 silly audit report }
58 timing metavuln:cache:get:security-advisory:undici:LVA0PUXDNBReLTPS+TI9Iu88e+KDflnyDmYT5ai963hfhyA/0DSzDjvIOEG4SWPsxW9YWYBdJdqNBVOnk7adeA== Completed in 103ms
59 timing metavuln:cache:get:security-advisory:axios:Jphyrph0xSBoV7rAKQ5sxe+Zizq65vm72MJltviDtKidjsZwX/gC36j+hz03tZ86vHMEkACxqA4FcmoDJt5vmg== Completed in 101ms
60 http fetch GET 200 https://registry.npmjs.org/undici 213ms (cache hit)
61 timing metavuln:packument:undici Completed in 222ms
62 timing metavuln:load:security-advisory:undici:1094515 Completed in 81ms
63 timing metavuln:calculate:security-advisory:undici:1094515 Completed in 304ms
64 http fetch GET 200 https://registry.npmjs.org/axios 289ms (cache hit)
65 timing metavuln:packument:axios Completed in 304ms
66 timing metavuln:load:security-advisory:axios:1094889 Completed in 1ms
67 timing metavuln:calculate:security-advisory:axios:1094889 Completed in 316ms
68 timing metavuln:cache:get:security-advisory:@discordjs/rest:nTbAso0h2wSeYTBYupB0K+vc5TWeneF8gvjQxyUOfJnMv9zRWfuBYh+72sxQH3iJnB8thnUG2rvwpneUegvCrg== Completed in 85ms
69 timing metavuln:cache:get:security-advisory:discord-html-transcripts:fQfTyWOEIp+xwBY+0A3dvSuYcN7rRhB/uI/CbtPLdbIzVrQcjCGptomUzTM1pZiCzNhuctz0RQBoFfNHBcbKbQ== Completed in 76ms
70 timing metavuln:cache:get:security-advisory:discord.js:35+Fog3shpS45AdC9bHlQQ0Q2cszKszFxgVxSzXOjPgoKgodYqPWFwxAAtPxz//2Q4hux8likNPgvMtmlszAJw== Completed in 78ms
71 http fetch GET 200 https://registry.npmjs.org/discord.js 271ms (cache hit)
72 timing metavuln:packument:discord.js Completed in 486ms
73 timing metavuln:load:security-advisory:discord.js:LVA0PUXDNBReLTPS+TI9Iu88e+KDflnyDmYT5ai963hfhyA/0DSzDjvIOEG4SWPsxW9YWYBdJdqNBVOnk7adeA== Completed in 590ms
74 timing metavuln:calculate:security-advisory:discord.js:LVA0PUXDNBReLTPS+TI9Iu88e+KDflnyDmYT5ai963hfhyA/0DSzDjvIOEG4SWPsxW9YWYBdJdqNBVOnk7adeA== Completed in 1077ms
75 http fetch GET 200 https://registry.npmjs.org/discord-html-transcripts 1070ms (cache hit)
76 timing metavuln:packument:discord-html-transcripts Completed in 1072ms
77 timing metavuln:load:security-advisory:discord-html-transcripts:LVA0PUXDNBReLTPS+TI9Iu88e+KDflnyDmYT5ai963hfhyA/0DSzDjvIOEG4SWPsxW9YWYBdJdqNBVOnk7adeA== Completed in 192ms
78 timing metavuln:calculate:security-advisory:discord-html-transcripts:LVA0PUXDNBReLTPS+TI9Iu88e+KDflnyDmYT5ai963hfhyA/0DSzDjvIOEG4SWPsxW9YWYBdJdqNBVOnk7adeA== Completed in 1271ms
79 http fetch GET 200 https://registry.npmjs.org/@discordjs%2frest 1371ms (cache hit)
80 timing metavuln:packument:@discordjs/rest Completed in 1489ms
81 timing metavuln:load:security-advisory:@discordjs/rest:LVA0PUXDNBReLTPS+TI9Iu88e+KDflnyDmYT5ai963hfhyA/0DSzDjvIOEG4SWPsxW9YWYBdJdqNBVOnk7adeA== Completed in 383ms
82 timing metavuln:calculate:security-advisory:@discordjs/rest:LVA0PUXDNBReLTPS+TI9Iu88e+KDflnyDmYT5ai963hfhyA/0DSzDjvIOEG4SWPsxW9YWYBdJdqNBVOnk7adeA== Completed in 1881ms
83 timing metavuln:cache:get:security-advisory:discord-html-transcripts:S9po9wY4a89EMUD8JWrud3X9LEYJaNSJrlPTC0+SYC/0gP9G7ChKxNm9sWmUoxL4tor4F7giakZqWAKazgxqYA== Completed in 199ms
84 timing metavuln:load:security-advisory:discord-html-transcripts:35+Fog3shpS45AdC9bHlQQ0Q2cszKszFxgVxSzXOjPgoKgodYqPWFwxAAtPxz//2Q4hux8likNPgvMtmlszAJw== Completed in 0ms
85 timing metavuln:calculate:security-advisory:discord-html-transcripts:35+Fog3shpS45AdC9bHlQQ0Q2cszKszFxgVxSzXOjPgoKgodYqPWFwxAAtPxz//2Q4hux8likNPgvMtmlszAJw== Completed in 199ms
86 timing metavuln:cache:get:security-advisory:@discordjs/ws:+mHKy+ULb5O8bpaLVgOY2Yg6G3AifFXHYj7eJYJwqveYNV7dMI5izxWcwc1tPKfTahRq5mxP53r3gDP9Sgh2rQ== Completed in 44ms
87 timing metavuln:cache:get:security-advisory:discord.js:MYNh95YeDJpTLiCTjYqhNIgyZjoA5CWozXUwHNd5xsx6on+2nmNOuiVk8yOZ1cb/X7FKWkv4m/xk7fCACYQyRw== Completed in 22ms
88 timing metavuln:load:security-advisory:discord.js:nTbAso0h2wSeYTBYupB0K+vc5TWeneF8gvjQxyUOfJnMv9zRWfuBYh+72sxQH3iJnB8thnUG2rvwpneUegvCrg== Completed in 355ms
89 timing metavuln:calculate:security-advisory:discord.js:nTbAso0h2wSeYTBYupB0K+vc5TWeneF8gvjQxyUOfJnMv9zRWfuBYh+72sxQH3iJnB8thnUG2rvwpneUegvCrg== Completed in 377ms
90 http fetch GET 200 https://registry.npmjs.org/@discordjs%2fws 588ms (cache hit)
91 timing metavuln:packument:@discordjs/ws Completed in 694ms
92 timing metavuln:load:security-advisory:@discordjs/ws:nTbAso0h2wSeYTBYupB0K+vc5TWeneF8gvjQxyUOfJnMv9zRWfuBYh+72sxQH3iJnB8thnUG2rvwpneUegvCrg== Completed in 193ms
93 timing metavuln:calculate:security-advisory:@discordjs/ws:nTbAso0h2wSeYTBYupB0K+vc5TWeneF8gvjQxyUOfJnMv9zRWfuBYh+72sxQH3iJnB8thnUG2rvwpneUegvCrg== Completed in 904ms
94 timing auditReport:init Completed in 3806ms
95 timing reify:audit Completed in 5883ms
96 timing reify Completed in 7988ms
97 timing command:install Completed in 9729ms
98 verbose exit 0
99 timing npm Completed in 12144ms
100 info ok
