0 verbose cli /usr/local/bin/node /usr/local/bin/npm
1 info using npm@9.8.1
2 info using node@v18.19.0
3 timing npm:load:whichnode Completed in 66ms
4 timing config:load:defaults Completed in 3ms
5 timing config:load:file:/usr/local/lib/node_modules/npm/npmrc Completed in 2ms
6 timing config:load:builtin Completed in 2ms
7 timing config:load:cli Completed in 3ms
8 timing config:load:env Completed in 0ms
9 timing config:load:project Completed in 129ms
10 timing config:load:file:/home/container/.npmrc Completed in 0ms
11 timing config:load:user Completed in 1ms
12 timing config:load:file:/usr/local/etc/npmrc Completed in 0ms
13 timing config:load:global Completed in 0ms
14 timing config:load:setEnvs Completed in 2ms
15 timing config:load Completed in 191ms
16 timing npm:load:configload Completed in 191ms
17 timing config:load:flatten Completed in 4ms
18 timing npm:load:mkdirpcache Completed in 2ms
19 timing npm:load:mkdirplogs Completed in 0ms
20 verbose title npm install evolutionx dotenv
21 verbose argv "install" "evolutionx" "dotenv"
22 timing npm:load:setTitle Completed in 1ms
23 timing npm:load:display Completed in 1ms
24 verbose logfile logs-max:10 dir:/home/container/.npm/_logs/2023-12-17T03_16_15_134Z-
25 verbose logfile /home/container/.npm/_logs/2023-12-17T03_16_15_134Z-debug-0.log
26 timing npm:load:logFile Completed in 72ms
27 timing npm:load:timers Completed in 0ms
28 timing npm:load:configScope Completed in 0ms
29 timing npm:load Completed in 368ms
30 timing config:load:flatten Completed in 0ms
31 timing arborist:ctor Completed in 1ms
32 silly logfile done cleaning log files
33 timing arborist:ctor Completed in 0ms
34 timing idealTree:init Completed in 92ms
35 timing idealTree:userRequests Completed in 2ms
36 silly idealTree buildDeps
37 silly fetch manifest evolutionx@*
38 http fetch GET 404 https://registry.npmjs.org/evolutionx 374ms (cache skip)
39 http fetch GET 200 https://registry.npmjs.org/npm 912ms (cache miss)
40 http fetch GET 404 https://registry.npmjs.org/evolutionx 784ms (cache skip)
41 silly fetch manifest dotenv@*
42 http fetch GET 200 https://registry.npmjs.org/dotenv 46ms (cache miss)
43 silly placeDep ROOT dotenv@16.3.1 OK for:  want: *
44 silly placeDep ROOT evolutionx@ OK for:  want: *
45 timing idealTree:#root Completed in 1221ms
46 timing idealTree:node_modules/dotenv Completed in 0ms
47 timing idealTree:node_modules/evolutionx Completed in 0ms
48 timing idealTree:buildDeps Completed in 1223ms
49 timing idealTree:fixDepFlags Completed in 0ms
50 timing idealTree Completed in 1318ms
51 timing command:install Completed in 1816ms
52 notice
52 notice New [31mmajor[39m version of npm available! [31m9.8.1[39m -> [32m10.2.5[39m
52 notice Changelog: [36mhttps://github.com/npm/cli/releases/tag/v10.2.5[39m
52 notice Run [32mnpm install -g npm@10.2.5[39m to update!
52 notice
53 verbose stack HttpErrorGeneral: 404 Not Found - GET https://registry.npmjs.org/evolutionx - Not found
53 verbose stack     at /usr/local/lib/node_modules/npm/node_modules/npm-registry-fetch/lib/check-response.js:95:15
53 verbose stack     at process.processTicksAndRejections (node:internal/process/task_queues:95:5)
53 verbose stack     at async RegistryFetcher.packument (/usr/local/lib/node_modules/npm/node_modules/pacote/lib/registry.js:87:19)
53 verbose stack     at async RegistryFetcher.manifest (/usr/local/lib/node_modules/npm/node_modules/pacote/lib/registry.js:118:23)
53 verbose stack     at async #nodeFromEdge (/usr/local/lib/node_modules/npm/node_modules/@npmcli/arborist/lib/arborist/build-ideal-tree.js:1049:19)
53 verbose stack     at async #buildDepStep (/usr/local/lib/node_modules/npm/node_modules/@npmcli/arborist/lib/arborist/build-ideal-tree.js:917:11)
53 verbose stack     at async Arborist.buildIdealTree (/usr/local/lib/node_modules/npm/node_modules/@npmcli/arborist/lib/arborist/build-ideal-tree.js:196:7)
53 verbose stack     at async Promise.all (index 1)
53 verbose stack     at async Arborist.reify (/usr/local/lib/node_modules/npm/node_modules/@npmcli/arborist/lib/arborist/reify.js:159:5)
53 verbose stack     at async Install.exec (/usr/local/lib/node_modules/npm/lib/commands/install.js:149:5)
54 verbose statusCode 404
55 verbose pkgid evolutionx@*
56 verbose cwd /home/container
57 verbose Linux 5.15.0-89-generic
58 verbose node v18.19.0
59 verbose npm  v9.8.1
60 error code E404
61 error 404 Not Found - GET https://registry.npmjs.org/evolutionx - Not found
62 error 404
63 error 404  'evolutionx@*' is not in this registry.
64 error 404
64 error 404 Note that you can also install from a
65 error 404 tarball, folder, http url, or git url.
66 verbose exit 1
67 timing npm Completed in 3469ms
68 verbose unfinished npm timer reify 1702782976751
69 verbose unfinished npm timer reify:loadTrees 1702782977222
70 verbose code 1
71 error A complete log of this run can be found in: /home/container/.npm/_logs/2023-12-17T03_16_15_134Z-debug-0.log
