0 verbose cli /usr/local/bin/node /usr/local/bin/npm
1 info using npm@9.8.1
2 info using node@v18.19.0
3 timing npm:load:whichnode Completed in 100ms
4 timing config:load:defaults Completed in 26ms
5 timing config:load:file:/usr/local/lib/node_modules/npm/npmrc Completed in 1ms
6 timing config:load:builtin Completed in 1ms
7 warn config production Use `--omit=dev` instead.
8 timing config:load:cli Completed in 3ms
9 timing config:load:env Completed in 1ms
10 timing config:load:project Completed in 70ms
11 timing config:load:file:/home/container/.npmrc Completed in 0ms
12 timing config:load:user Completed in 0ms
13 timing config:load:file:/usr/local/etc/npmrc Completed in 0ms
14 timing config:load:global Completed in 1ms
15 timing config:load:setEnvs Completed in 0ms
16 timing config:load Completed in 102ms
17 timing npm:load:configload Completed in 102ms
18 timing config:load:flatten Completed in 3ms
19 timing npm:load:mkdirpcache Completed in 77ms
20 timing npm:load:mkdirplogs Completed in 5ms
21 verbose title npm install
22 verbose argv "install" "--production"
23 timing npm:load:setTitle Completed in 1ms
24 timing npm:load:display Completed in 2ms
25 verbose logfile logs-max:10 dir:/home/container/.npm/_logs/2023-12-17T03_16_30_730Z-
26 verbose logfile /home/container/.npm/_logs/2023-12-17T03_16_30_730Z-debug-0.log
27 timing npm:load:logFile Completed in 12ms
28 timing npm:load:timers Completed in 0ms
29 timing npm:load:configScope Completed in 0ms
30 timing npm:load Completed in 318ms
31 timing arborist:ctor Completed in 2ms
32 silly logfile done cleaning log files
33 timing idealTree:init Completed in 885ms
34 timing idealTree:userRequests Completed in 0ms
35 silly idealTree buildDeps
36 timing idealTree:#root Completed in 1ms
37 timing idealTree:buildDeps Completed in 2ms
38 timing idealTree:fixDepFlags Completed in 0ms
39 timing idealTree Completed in 892ms
40 timing reify:loadTrees Completed in 896ms
41 timing reify:diffTrees Completed in 80ms
42 silly reify moves {}
43 timing reify:retireShallow Completed in 2ms
44 timing reify:createSparse Completed in 110ms
45 timing reify:trashOmits Completed in 0ms
46 timing reify:loadBundles Completed in 0ms
47 silly audit bulk request {
47 silly audit   '@derockdev/discord-components-core': [ '3.6.1' ],
47 silly audit   '@derockdev/discord-components-react': [ '3.6.1' ],
47 silly audit   '@discordjs/builders': [ '1.6.5' ],
47 silly audit   '@discordjs/util': [ '1.0.1', '0.3.1' ],
47 silly audit   'discord-api-types': [ '0.37.50', '0.37.56' ],
47 silly audit   '@discordjs/collection': [ '1.5.3' ],
47 silly audit   '@discordjs/formatters': [ '0.3.2' ],
47 silly audit   '@discordjs/rest': [ '1.7.1', '2.0.1' ],
47 silly audit   '@discordjs/ws': [ '1.0.1' ],
47 silly audit   undici: [ '5.22.1', '5.23.0' ],
47 silly audit   '@sapphire/async-queue': [ '1.5.0' ],
47 silly audit   '@sapphire/shapeshift': [ '3.9.2' ],
47 silly audit   '@sapphire/snowflake': [ '3.5.1' ],
47 silly audit   '@stencil/core': [ '3.4.2' ],
47 silly audit   '@tokenizer/token': [ '0.3.0' ],
47 silly audit   '@types/node': [ '20.5.9' ],
47 silly audit   '@types/prop-types': [ '15.7.5' ],
47 silly audit   '@types/react': [ '18.2.21' ],
47 silly audit   '@types/scheduler': [ '0.16.3' ],
47 silly audit   '@types/ws': [ '8.5.5' ],
47 silly audit   '@vladfrangu/async_event_emitter': [ '2.2.2' ],
47 silly audit   'ansi-colors': [ '4.1.3' ],
47 silly audit   argparse: [ '2.0.1' ],
47 silly audit   asynckit: [ '0.4.0' ],
47 silly audit   atob: [ '2.1.2' ],
47 silly audit   axios: [ '1.5.0' ],
47 silly audit   'balanced-match': [ '1.0.2' ],
47 silly audit   'base64-js': [ '1.5.1' ],
47 silly audit   'better-sqlite3': [ '8.6.0' ],
47 silly audit   bindings: [ '1.5.0' ],
47 silly audit   bl: [ '4.1.0' ],
47 silly audit   'brace-expansion': [ '1.1.11' ],
47 silly audit   buffer: [ '5.7.1' ],
47 silly audit   'buffer-crc32': [ '0.2.13' ],
47 silly audit   busboy: [ '1.6.0' ],
47 silly audit   'call-bind': [ '1.0.2' ],
47 silly audit   chownr: [ '1.1.4' ],
47 silly audit   clsx: [ '1.2.1' ],
47 silly audit   'combined-stream': [ '1.0.8' ],
47 silly audit   'concat-map': [ '0.0.1' ],
47 silly audit   csstype: [ '3.1.2' ],
47 silly audit   'decompress-response': [ '6.0.0' ],
47 silly audit   'deep-extend': [ '0.6.0' ],
47 silly audit   'delayed-stream': [ '1.0.0' ],
47 silly audit   'detect-libc': [ '2.0.2' ],
47 silly audit   'discord-html-transcripts': [ '3.1.5' ],
47 silly audit   'discord-markdown-parser': [ '1.1.0' ],
47 silly audit   'discord.js': [ '14.13.0' ],
47 silly audit   'emoji-regex': [ '10.2.1' ],
47 silly audit   'end-of-stream': [ '1.4.4' ],
47 silly audit   enmap: [ '5.9.8' ],
47 silly audit   'expand-template': [ '2.0.3' ],
47 silly audit   'fast-deep-equal': [ '3.1.3' ],
47 silly audit   'file-type': [ '18.5.0' ],
47 silly audit   'file-uri-to-path': [ '1.0.0' ],
47 silly audit   'follow-redirects': [ '1.15.2' ],
47 silly audit   'form-data': [ '4.0.0' ],
47 silly audit   'fs-constants': [ '1.0.0' ],
47 silly audit   'fs-extra': [ '8.1.0' ],
47 silly audit   jsonfile: [ '4.0.0', '5.0.0' ],
47 silly audit   'fs.realpath': [ '1.0.0' ],
47 silly audit   'function-bind': [ '1.1.1' ],
47 silly audit   'get-intrinsic': [ '1.2.1' ],
47 silly audit   'github-from-package': [ '0.0.0' ],
47 silly audit   glob: [ '7.2.3' ],
47 silly audit   'graceful-fs': [ '4.2.11' ],
47 silly audit   has: [ '1.0.3' ],
47 silly audit   'has-proto': [ '1.0.1' ],
47 silly audit   'has-symbols': [ '1.0.3' ],
47 silly audit   'hex-to-rgba': [ '2.0.1' ],
47 silly audit   'highlight.js': [ '11.8.0' ],
47 silly audit   ieee754: [ '1.2.1' ],
47 silly audit   inflight: [ '1.0.6' ],
47 silly audit   inherits: [ '2.0.4' ],
47 silly audit   ini: [ '1.3.8' ],
47 silly audit   'js-tokens': [ '4.0.0' ],
47 silly audit   'js-yaml': [ '4.1.0' ],
47 silly audit   lodash: [ '4.17.21' ],
47 silly audit   'lodash.snakecase': [ '4.1.1' ],
47 silly audit   'loose-envify': [ '1.4.0' ],
47 silly audit   'lru-cache': [ '6.0.0' ],
47 silly audit   'magic-bytes.js': [ '1.0.15' ],
47 silly audit   'mime-db': [ '1.52.0' ],
47 silly audit   'mime-types': [ '2.1.35' ],
47 silly audit   'mimic-response': [ '3.1.0' ],
47 silly audit   minimatch: [ '3.1.2' ],
47 silly audit   minimist: [ '1.2.8' ],
47 silly audit   'mkdirp-classic': [ '0.5.3' ],
47 silly audit   moment: [ '2.29.4' ],
47 silly audit   'moment-timezone': [ '0.5.43' ],
47 silly audit   ms: [ '2.1.3' ],
47 silly audit   'napi-build-utils': [ '1.0.2' ],
47 silly audit   'node-abi': [ '3.47.0' ],
47 silly audit   semver: [ '7.5.4', '5.7.2' ],
47 silly audit   'node-fetch': [ '2.7.0' ],
47 silly audit   'object-inspect': [ '1.12.3' ],
47 silly audit   'on-change': [ '3.0.2' ],
47 silly audit   once: [ '1.4.0' ],
47 silly audit   'path-is-absolute': [ '1.0.1' ],
47 silly audit   'paypal-rest-sdk': [ '1.8.1' ],
47 silly audit   'peek-readable': [ '5.0.0' ],
47 silly audit   'prebuild-install': [ '7.1.1' ],
47 silly audit   'proxy-from-env': [ '1.1.0' ],
47 silly audit   pump: [ '3.0.0' ],
47 silly audit   qs: [ '6.11.2' ],
47 silly audit   randombytes: [ '2.1.0' ],
47 silly audit   rc: [ '1.2.8' ],
47 silly audit   react: [ '18.2.0' ],
47 silly audit   'react-dom': [ '18.2.0' ],
47 silly audit   'readable-stream': [ '3.6.2' ],
47 silly audit   'readable-web-to-node-stream': [ '3.0.2' ],
47 silly audit   'safe-buffer': [ '5.2.1' ],
47 silly audit   scheduler: [ '0.23.0' ],
47 silly audit   'serialize-javascript': [ '6.0.1' ],
47 silly audit   'side-channel': [ '1.0.4' ],
47 silly audit   'simple-concat': [ '1.0.1' ],
47 silly audit   'simple-get': [ '4.0.1' ],
47 silly audit   'simple-markdown': [ '0.7.3' ],
47 silly audit   streamsearch: [ '1.1.0' ],
47 silly audit   string_decoder: [ '1.3.0' ],
47 silly audit   'strip-json-comments': [ '2.0.1' ],
47 silly audit   stripe: [ '10.17.0' ],
47 silly audit   strtok3: [ '7.0.0' ],
47 silly audit   'tar-fs': [ '2.1.1' ],
47 silly audit   'tar-stream': [ '2.2.0' ],
47 silly audit   'token-types': [ '5.0.1' ],
47 silly audit   tr46: [ '0.0.3' ],
47 silly audit   'ts-mixer': [ '6.0.3' ],
47 silly audit   tslib: [ '2.6.2' ],
47 silly audit   'tunnel-agent': [ '0.6.0' ],
47 silly audit   twemoji: [ '14.0.2' ],
47 silly audit   'twemoji-parser': [ '14.0.0' ],
47 silly audit   universalify: [ '0.1.2' ],
47 silly audit   'util-deprecate': [ '1.0.2' ],
47 silly audit   'webidl-conversions': [ '3.0.1' ],
47 silly audit   'whatwg-url': [ '5.0.0' ],
47 silly audit   wrappy: [ '1.0.2' ],
47 silly audit   ws: [ '8.13.0' ],
47 silly audit   yallist: [ '4.0.0' ]
47 silly audit }
48 silly tarball no local data for yallist@https://registry.npmjs.org/yallist/-/yallist-4.0.0.tgz. Extracting by manifest.
49 silly tarball no local data for ws@https://registry.npmjs.org/ws/-/ws-8.13.0.tgz. Extracting by manifest.
50 silly tarball no local data for wrappy@https://registry.npmjs.org/wrappy/-/wrappy-1.0.2.tgz. Extracting by manifest.
51 silly tarball no local data for whatwg-url@https://registry.npmjs.org/whatwg-url/-/whatwg-url-5.0.0.tgz. Extracting by manifest.
52 silly tarball no local data for webidl-conversions@https://registry.npmjs.org/webidl-conversions/-/webidl-conversions-3.0.1.tgz. Extracting by manifest.
53 silly tarball no local data for util-deprecate@https://registry.npmjs.org/util-deprecate/-/util-deprecate-1.0.2.tgz. Extracting by manifest.
54 silly tarball no local data for universalify@https://registry.npmjs.org/universalify/-/universalify-0.1.2.tgz. Extracting by manifest.
55 silly tarball no local data for undici@https://registry.npmjs.org/undici/-/undici-5.23.0.tgz. Extracting by manifest.
56 silly tarball no local data for twemoji-parser@https://registry.npmjs.org/twemoji-parser/-/twemoji-parser-14.0.0.tgz. Extracting by manifest.
57 silly tarball no local data for twemoji@https://registry.npmjs.org/twemoji/-/twemoji-14.0.2.tgz. Extracting by manifest.
58 silly tarball no local data for tunnel-agent@https://registry.npmjs.org/tunnel-agent/-/tunnel-agent-0.6.0.tgz. Extracting by manifest.
59 silly tarball no local data for tslib@https://registry.npmjs.org/tslib/-/tslib-2.6.2.tgz. Extracting by manifest.
60 silly tarball no local data for ts-mixer@https://registry.npmjs.org/ts-mixer/-/ts-mixer-6.0.3.tgz. Extracting by manifest.
61 silly tarball no local data for tr46@https://registry.npmjs.org/tr46/-/tr46-0.0.3.tgz. Extracting by manifest.
62 silly tarball no local data for token-types@https://registry.npmjs.org/token-types/-/token-types-5.0.1.tgz. Extracting by manifest.
63 silly tarball no local data for tar-stream@https://registry.npmjs.org/tar-stream/-/tar-stream-2.2.0.tgz. Extracting by manifest.
64 silly tarball no local data for tar-fs@https://registry.npmjs.org/tar-fs/-/tar-fs-2.1.1.tgz. Extracting by manifest.
65 silly tarball no local data for strtok3@https://registry.npmjs.org/strtok3/-/strtok3-7.0.0.tgz. Extracting by manifest.
66 silly tarball no local data for stripe@https://registry.npmjs.org/stripe/-/stripe-10.17.0.tgz. Extracting by manifest.
67 silly tarball no local data for strip-json-comments@https://registry.npmjs.org/strip-json-comments/-/strip-json-comments-2.0.1.tgz. Extracting by manifest.
68 silly tarball no local data for string_decoder@https://registry.npmjs.org/string_decoder/-/string_decoder-1.3.0.tgz. Extracting by manifest.
69 silly tarball no local data for simple-markdown@https://registry.npmjs.org/simple-markdown/-/simple-markdown-0.7.3.tgz. Extracting by manifest.
70 silly tarball no local data for streamsearch@https://registry.npmjs.org/streamsearch/-/streamsearch-1.1.0.tgz. Extracting by manifest.
71 silly tarball no local data for simple-get@https://registry.npmjs.org/simple-get/-/simple-get-4.0.1.tgz. Extracting by manifest.
72 silly tarball no local data for simple-concat@https://registry.npmjs.org/simple-concat/-/simple-concat-1.0.1.tgz. Extracting by manifest.
73 silly tarball no local data for side-channel@https://registry.npmjs.org/side-channel/-/side-channel-1.0.4.tgz. Extracting by manifest.
74 silly tarball no local data for serialize-javascript@https://registry.npmjs.org/serialize-javascript/-/serialize-javascript-6.0.1.tgz. Extracting by manifest.
75 silly tarball no local data for semver@https://registry.npmjs.org/semver/-/semver-5.7.2.tgz. Extracting by manifest.
76 silly tarball no local data for scheduler@https://registry.npmjs.org/scheduler/-/scheduler-0.23.0.tgz. Extracting by manifest.
77 silly tarball no local data for safe-buffer@https://registry.npmjs.org/safe-buffer/-/safe-buffer-5.2.1.tgz. Extracting by manifest.
78 silly tarball no local data for readable-web-to-node-stream@https://registry.npmjs.org/readable-web-to-node-stream/-/readable-web-to-node-stream-3.0.2.tgz. Extracting by manifest.
79 silly tarball no local data for readable-stream@https://registry.npmjs.org/readable-stream/-/readable-stream-3.6.2.tgz. Extracting by manifest.
80 silly tarball no local data for react-dom@https://registry.npmjs.org/react-dom/-/react-dom-18.2.0.tgz. Extracting by manifest.
81 silly tarball no local data for react@https://registry.npmjs.org/react/-/react-18.2.0.tgz. Extracting by manifest.
82 silly tarball no local data for rc@https://registry.npmjs.org/rc/-/rc-1.2.8.tgz. Extracting by manifest.
83 silly tarball no local data for randombytes@https://registry.npmjs.org/randombytes/-/randombytes-2.1.0.tgz. Extracting by manifest.
84 silly tarball no local data for qs@https://registry.npmjs.org/qs/-/qs-6.11.2.tgz. Extracting by manifest.
85 silly tarball no local data for pump@https://registry.npmjs.org/pump/-/pump-3.0.0.tgz. Extracting by manifest.
86 silly tarball no local data for proxy-from-env@https://registry.npmjs.org/proxy-from-env/-/proxy-from-env-1.1.0.tgz. Extracting by manifest.
87 silly tarball no local data for prebuild-install@https://registry.npmjs.org/prebuild-install/-/prebuild-install-7.1.1.tgz. Extracting by manifest.
88 silly tarball no local data for peek-readable@https://registry.npmjs.org/peek-readable/-/peek-readable-5.0.0.tgz. Extracting by manifest.
89 silly tarball no local data for paypal-rest-sdk@https://registry.npmjs.org/paypal-rest-sdk/-/paypal-rest-sdk-1.8.1.tgz. Extracting by manifest.
90 silly tarball no local data for path-is-absolute@https://registry.npmjs.org/path-is-absolute/-/path-is-absolute-1.0.1.tgz. Extracting by manifest.
91 silly tarball no local data for once@https://registry.npmjs.org/once/-/once-1.4.0.tgz. Extracting by manifest.
92 silly tarball no local data for on-change@https://registry.npmjs.org/on-change/-/on-change-3.0.2.tgz. Extracting by manifest.
93 silly tarball no local data for object-inspect@https://registry.npmjs.org/object-inspect/-/object-inspect-1.12.3.tgz. Extracting by manifest.
94 silly tarball no local data for node-fetch@https://registry.npmjs.org/node-fetch/-/node-fetch-2.7.0.tgz. Extracting by manifest.
95 silly tarball no local data for node-abi@https://registry.npmjs.org/node-abi/-/node-abi-3.47.0.tgz. Extracting by manifest.
96 silly tarball no local data for napi-build-utils@https://registry.npmjs.org/napi-build-utils/-/napi-build-utils-1.0.2.tgz. Extracting by manifest.
97 silly tarball no local data for ms@https://registry.npmjs.org/ms/-/ms-2.1.3.tgz. Extracting by manifest.
98 silly tarball no local data for moment-timezone@https://registry.npmjs.org/moment-timezone/-/moment-timezone-0.5.43.tgz. Extracting by manifest.
99 silly tarball no local data for moment@https://registry.npmjs.org/moment/-/moment-2.29.4.tgz. Extracting by manifest.
100 silly tarball no local data for mkdirp-classic@https://registry.npmjs.org/mkdirp-classic/-/mkdirp-classic-0.5.3.tgz. Extracting by manifest.
101 silly tarball no local data for minimist@https://registry.npmjs.org/minimist/-/minimist-1.2.8.tgz. Extracting by manifest.
102 silly tarball no local data for minimatch@https://registry.npmjs.org/minimatch/-/minimatch-3.1.2.tgz. Extracting by manifest.
103 silly tarball no local data for mimic-response@https://registry.npmjs.org/mimic-response/-/mimic-response-3.1.0.tgz. Extracting by manifest.
104 silly tarball no local data for mime-types@https://registry.npmjs.org/mime-types/-/mime-types-2.1.35.tgz. Extracting by manifest.
105 silly tarball no local data for mime-db@https://registry.npmjs.org/mime-db/-/mime-db-1.52.0.tgz. Extracting by manifest.
106 silly tarball no local data for magic-bytes.js@https://registry.npmjs.org/magic-bytes.js/-/magic-bytes.js-1.0.15.tgz. Extracting by manifest.
107 silly tarball no local data for lru-cache@https://registry.npmjs.org/lru-cache/-/lru-cache-6.0.0.tgz. Extracting by manifest.
108 silly tarball no local data for loose-envify@https://registry.npmjs.org/loose-envify/-/loose-envify-1.4.0.tgz. Extracting by manifest.
109 silly tarball no local data for lodash.snakecase@https://registry.npmjs.org/lodash.snakecase/-/lodash.snakecase-4.1.1.tgz. Extracting by manifest.
110 silly tarball no local data for lodash@https://registry.npmjs.org/lodash/-/lodash-4.17.21.tgz. Extracting by manifest.
111 silly tarball no local data for jsonfile@https://registry.npmjs.org/jsonfile/-/jsonfile-5.0.0.tgz. Extracting by manifest.
112 silly tarball no local data for js-yaml@https://registry.npmjs.org/js-yaml/-/js-yaml-4.1.0.tgz. Extracting by manifest.
113 silly tarball no local data for js-tokens@https://registry.npmjs.org/js-tokens/-/js-tokens-4.0.0.tgz. Extracting by manifest.
114 silly tarball no local data for ini@https://registry.npmjs.org/ini/-/ini-1.3.8.tgz. Extracting by manifest.
115 silly tarball no local data for inherits@https://registry.npmjs.org/inherits/-/inherits-2.0.4.tgz. Extracting by manifest.
116 silly tarball no local data for inflight@https://registry.npmjs.org/inflight/-/inflight-1.0.6.tgz. Extracting by manifest.
117 silly tarball no local data for ieee754@https://registry.npmjs.org/ieee754/-/ieee754-1.2.1.tgz. Extracting by manifest.
118 silly tarball no local data for highlight.js@https://registry.npmjs.org/highlight.js/-/highlight.js-11.8.0.tgz. Extracting by manifest.
119 silly tarball no local data for hex-to-rgba@https://registry.npmjs.org/hex-to-rgba/-/hex-to-rgba-2.0.1.tgz. Extracting by manifest.
120 silly tarball no local data for has-symbols@https://registry.npmjs.org/has-symbols/-/has-symbols-1.0.3.tgz. Extracting by manifest.
121 silly tarball no local data for has-proto@https://registry.npmjs.org/has-proto/-/has-proto-1.0.1.tgz. Extracting by manifest.
122 silly tarball no local data for has@https://registry.npmjs.org/has/-/has-1.0.3.tgz. Extracting by manifest.
123 silly tarball no local data for graceful-fs@https://registry.npmjs.org/graceful-fs/-/graceful-fs-4.2.11.tgz. Extracting by manifest.
124 silly tarball no local data for glob@https://registry.npmjs.org/glob/-/glob-7.2.3.tgz. Extracting by manifest.
125 silly tarball no local data for github-from-package@https://registry.npmjs.org/github-from-package/-/github-from-package-0.0.0.tgz. Extracting by manifest.
126 silly tarball no local data for get-intrinsic@https://registry.npmjs.org/get-intrinsic/-/get-intrinsic-1.2.1.tgz. Extracting by manifest.
127 silly tarball no local data for function-bind@https://registry.npmjs.org/function-bind/-/function-bind-1.1.1.tgz. Extracting by manifest.
128 silly tarball no local data for fs.realpath@https://registry.npmjs.org/fs.realpath/-/fs.realpath-1.0.0.tgz. Extracting by manifest.
129 silly tarball no local data for fs-extra@https://registry.npmjs.org/fs-extra/-/fs-extra-8.1.0.tgz. Extracting by manifest.
130 silly tarball no local data for fs-constants@https://registry.npmjs.org/fs-constants/-/fs-constants-1.0.0.tgz. Extracting by manifest.
131 silly tarball no local data for form-data@https://registry.npmjs.org/form-data/-/form-data-4.0.0.tgz. Extracting by manifest.
132 silly tarball no local data for follow-redirects@https://registry.npmjs.org/follow-redirects/-/follow-redirects-1.15.2.tgz. Extracting by manifest.
133 silly tarball no local data for file-uri-to-path@https://registry.npmjs.org/file-uri-to-path/-/file-uri-to-path-1.0.0.tgz. Extracting by manifest.
134 silly tarball no local data for file-type@https://registry.npmjs.org/file-type/-/file-type-18.5.0.tgz. Extracting by manifest.
135 silly tarball no local data for fast-deep-equal@https://registry.npmjs.org/fast-deep-equal/-/fast-deep-equal-3.1.3.tgz. Extracting by manifest.
136 silly tarball no local data for expand-template@https://registry.npmjs.org/expand-template/-/expand-template-2.0.3.tgz. Extracting by manifest.
137 silly tarball no local data for enmap@https://registry.npmjs.org/enmap/-/enmap-5.9.8.tgz. Extracting by manifest.
138 silly tarball no local data for end-of-stream@https://registry.npmjs.org/end-of-stream/-/end-of-stream-1.4.4.tgz. Extracting by manifest.
139 silly tarball no local data for emoji-regex@https://registry.npmjs.org/emoji-regex/-/emoji-regex-10.2.1.tgz. Extracting by manifest.
140 silly tarball no local data for discord.js@https://registry.npmjs.org/discord.js/-/discord.js-14.13.0.tgz. Extracting by manifest.
141 silly tarball no local data for discord-markdown-parser@https://registry.npmjs.org/discord-markdown-parser/-/discord-markdown-parser-1.1.0.tgz. Extracting by manifest.
142 silly tarball no local data for discord-html-transcripts@https://registry.npmjs.org/discord-html-transcripts/-/discord-html-transcripts-3.1.5.tgz. Extracting by manifest.
143 silly tarball no local data for discord-api-types@https://registry.npmjs.org/discord-api-types/-/discord-api-types-0.37.56.tgz. Extracting by manifest.
144 silly tarball no local data for detect-libc@https://registry.npmjs.org/detect-libc/-/detect-libc-2.0.2.tgz. Extracting by manifest.
145 silly tarball no local data for delayed-stream@https://registry.npmjs.org/delayed-stream/-/delayed-stream-1.0.0.tgz. Extracting by manifest.
146 silly tarball no local data for deep-extend@https://registry.npmjs.org/deep-extend/-/deep-extend-0.6.0.tgz. Extracting by manifest.
147 silly tarball no local data for decompress-response@https://registry.npmjs.org/decompress-response/-/decompress-response-6.0.0.tgz. Extracting by manifest.
148 silly tarball no local data for csstype@https://registry.npmjs.org/csstype/-/csstype-3.1.2.tgz. Extracting by manifest.
149 silly tarball no local data for concat-map@https://registry.npmjs.org/concat-map/-/concat-map-0.0.1.tgz. Extracting by manifest.
150 silly tarball no local data for combined-stream@https://registry.npmjs.org/combined-stream/-/combined-stream-1.0.8.tgz. Extracting by manifest.
151 silly tarball no local data for clsx@https://registry.npmjs.org/clsx/-/clsx-1.2.1.tgz. Extracting by manifest.
152 silly tarball no local data for chownr@https://registry.npmjs.org/chownr/-/chownr-1.1.4.tgz. Extracting by manifest.
153 silly tarball no local data for call-bind@https://registry.npmjs.org/call-bind/-/call-bind-1.0.2.tgz. Extracting by manifest.
154 silly tarball no local data for busboy@https://registry.npmjs.org/busboy/-/busboy-1.6.0.tgz. Extracting by manifest.
155 silly tarball no local data for buffer-crc32@https://registry.npmjs.org/buffer-crc32/-/buffer-crc32-0.2.13.tgz. Extracting by manifest.
156 silly tarball no local data for buffer@https://registry.npmjs.org/buffer/-/buffer-5.7.1.tgz. Extracting by manifest.
157 silly tarball no local data for brace-expansion@https://registry.npmjs.org/brace-expansion/-/brace-expansion-1.1.11.tgz. Extracting by manifest.
158 silly tarball no local data for bl@https://registry.npmjs.org/bl/-/bl-4.1.0.tgz. Extracting by manifest.
159 silly tarball no local data for bindings@https://registry.npmjs.org/bindings/-/bindings-1.5.0.tgz. Extracting by manifest.
160 silly tarball no local data for better-sqlite3@https://registry.npmjs.org/better-sqlite3/-/better-sqlite3-8.6.0.tgz. Extracting by manifest.
161 silly tarball no local data for base64-js@https://registry.npmjs.org/base64-js/-/base64-js-1.5.1.tgz. Extracting by manifest.
162 silly tarball no local data for balanced-match@https://registry.npmjs.org/balanced-match/-/balanced-match-1.0.2.tgz. Extracting by manifest.
163 silly tarball no local data for axios@https://registry.npmjs.org/axios/-/axios-1.5.0.tgz. Extracting by manifest.
164 silly tarball no local data for atob@https://registry.npmjs.org/atob/-/atob-2.1.2.tgz. Extracting by manifest.
165 silly tarball no local data for asynckit@https://registry.npmjs.org/asynckit/-/asynckit-0.4.0.tgz. Extracting by manifest.
166 silly tarball no local data for argparse@https://registry.npmjs.org/argparse/-/argparse-2.0.1.tgz. Extracting by manifest.
167 silly tarball no local data for ansi-colors@https://registry.npmjs.org/ansi-colors/-/ansi-colors-4.1.3.tgz. Extracting by manifest.
168 silly tarball no local data for @vladfrangu/async_event_emitter@https://registry.npmjs.org/@vladfrangu/async_event_emitter/-/async_event_emitter-2.2.2.tgz. Extracting by manifest.
169 silly tarball no local data for @types/ws@https://registry.npmjs.org/@types/ws/-/ws-8.5.5.tgz. Extracting by manifest.
170 silly tarball no local data for @types/scheduler@https://registry.npmjs.org/@types/scheduler/-/scheduler-0.16.3.tgz. Extracting by manifest.
171 silly tarball no local data for @types/react@https://registry.npmjs.org/@types/react/-/react-18.2.21.tgz. Extracting by manifest.
172 silly tarball no local data for @types/prop-types@https://registry.npmjs.org/@types/prop-types/-/prop-types-15.7.5.tgz. Extracting by manifest.
173 silly tarball no local data for @types/node@https://registry.npmjs.org/@types/node/-/node-20.5.9.tgz. Extracting by manifest.
174 silly tarball no local data for @tokenizer/token@https://registry.npmjs.org/@tokenizer/token/-/token-0.3.0.tgz. Extracting by manifest.
175 silly tarball no local data for @stencil/core@https://registry.npmjs.org/@stencil/core/-/core-3.4.2.tgz. Extracting by manifest.
176 silly tarball no local data for @sapphire/snowflake@https://registry.npmjs.org/@sapphire/snowflake/-/snowflake-3.5.1.tgz. Extracting by manifest.
177 silly tarball no local data for @sapphire/shapeshift@https://registry.npmjs.org/@sapphire/shapeshift/-/shapeshift-3.9.2.tgz. Extracting by manifest.
178 silly tarball no local data for @sapphire/async-queue@https://registry.npmjs.org/@sapphire/async-queue/-/async-queue-1.5.0.tgz. Extracting by manifest.
179 silly tarball no local data for @discordjs/ws@https://registry.npmjs.org/@discordjs/ws/-/ws-1.0.1.tgz. Extracting by manifest.
180 silly tarball no local data for @discordjs/util@https://registry.npmjs.org/@discordjs/util/-/util-0.3.1.tgz. Extracting by manifest.
181 silly tarball no local data for @discordjs/rest@https://registry.npmjs.org/@discordjs/rest/-/rest-1.7.1.tgz. Extracting by manifest.
182 silly tarball no local data for @discordjs/formatters@https://registry.npmjs.org/@discordjs/formatters/-/formatters-0.3.2.tgz. Extracting by manifest.
183 silly tarball no local data for @discordjs/collection@https://registry.npmjs.org/@discordjs/collection/-/collection-1.5.3.tgz. Extracting by manifest.
184 silly tarball no local data for @discordjs/builders@https://registry.npmjs.org/@discordjs/builders/-/builders-1.6.5.tgz. Extracting by manifest.
185 silly tarball no local data for @derockdev/discord-components-react@https://registry.npmjs.org/@derockdev/discord-components-react/-/discord-components-react-3.6.1.tgz. Extracting by manifest.
186 silly tarball no local data for @derockdev/discord-components-core@https://registry.npmjs.org/@derockdev/discord-components-core/-/discord-components-core-3.6.1.tgz. Extracting by manifest.
187 silly tarball no local data for semver@https://registry.npmjs.org/semver/-/semver-7.5.4.tgz. Extracting by manifest.
188 silly tarball no local data for jsonfile@https://registry.npmjs.org/jsonfile/-/jsonfile-4.0.0.tgz. Extracting by manifest.
189 silly tarball no local data for undici@https://registry.npmjs.org/undici/-/undici-5.22.1.tgz. Extracting by manifest.
190 silly tarball no local data for discord-api-types@https://registry.npmjs.org/discord-api-types/-/discord-api-types-0.37.50.tgz. Extracting by manifest.
191 silly tarball no local data for @discordjs/util@https://registry.npmjs.org/@discordjs/util/-/util-1.0.1.tgz. Extracting by manifest.
192 silly tarball no local data for @discordjs/rest@https://registry.npmjs.org/@discordjs/rest/-/rest-2.0.1.tgz. Extracting by manifest.
193 silly tarball no local data for undici@https://registry.npmjs.org/undici/-/undici-5.22.1.tgz. Extracting by manifest.
194 silly tarball no local data for discord-api-types@https://registry.npmjs.org/discord-api-types/-/discord-api-types-0.37.50.tgz. Extracting by manifest.
195 silly tarball no local data for @discordjs/util@https://registry.npmjs.org/@discordjs/util/-/util-1.0.1.tgz. Extracting by manifest.
196 silly tarball no local data for @discordjs/rest@https://registry.npmjs.org/@discordjs/rest/-/rest-2.0.1.tgz. Extracting by manifest.
197 silly tarball no local data for discord-api-types@https://registry.npmjs.org/discord-api-types/-/discord-api-types-0.37.50.tgz. Extracting by manifest.
198 silly tarball no local data for discord-api-types@https://registry.npmjs.org/discord-api-types/-/discord-api-types-0.37.50.tgz. Extracting by manifest.
199 silly tarball no local data for @discordjs/util@https://registry.npmjs.org/@discordjs/util/-/util-1.0.1.tgz. Extracting by manifest.
200 http fetch POST 200 https://registry.npmjs.org/-/npm/v1/security/advisories/bulk 3907ms
201 timing auditReport:getReport Completed in 3995ms
202 silly audit report {
202 silly audit report   undici: [
202 silly audit report     {
202 silly audit report       id: 1094515,
202 silly audit report       url: 'https://github.com/advisories/GHSA-wqq4-5wpv-mx2g',
202 silly audit report       title: "Undici's cookie header not cleared on cross-origin redirect in fetch",
202 silly audit report       severity: 'low',
202 silly audit report       vulnerable_versions: '<5.26.2',
202 silly audit report       cwe: [Array],
202 silly audit report       cvss: [Object]
202 silly audit report     }
202 silly audit report   ],
202 silly audit report   axios: [
202 silly audit report     {
202 silly audit report       id: 1094889,
202 silly audit report       url: 'https://github.com/advisories/GHSA-wf5p-g6vw-rhxx',
202 silly audit report       title: 'Axios Cross-Site Request Forgery Vulnerability',
202 silly audit report       severity: 'moderate',
202 silly audit report       vulnerable_versions: '>=0.8.1 <1.6.0',
202 silly audit report       cwe: [Array],
202 silly audit report       cvss: [Object]
202 silly audit report     }
202 silly audit report   ]
202 silly audit report }
203 timing metavuln:cache:get:security-advisory:undici:LVA0PUXDNBReLTPS+TI9Iu88e+KDflnyDmYT5ai963hfhyA/0DSzDjvIOEG4SWPsxW9YWYBdJdqNBVOnk7adeA== Completed in 499ms
204 timing metavuln:cache:get:security-advisory:axios:Jphyrph0xSBoV7rAKQ5sxe+Zizq65vm72MJltviDtKidjsZwX/gC36j+hz03tZ86vHMEkACxqA4FcmoDJt5vmg== Completed in 484ms
205 http fetch GET 200 https://registry.npmjs.org/wrappy/-/wrappy-1.0.2.tgz 9387ms (cache miss)
206 timing reifyNode:node_modules/wrappy Completed in 10285ms
207 http fetch GET 200 https://registry.npmjs.org/util-deprecate/-/util-deprecate-1.0.2.tgz 9387ms (cache miss)
208 timing reifyNode:node_modules/util-deprecate Completed in 10280ms
209 http fetch GET 200 https://registry.npmjs.org/universalify/-/universalify-0.1.2.tgz 9386ms (cache miss)
210 timing reifyNode:node_modules/universalify Completed in 10280ms
211 http fetch GET 200 https://registry.npmjs.org/strip-json-comments/-/strip-json-comments-2.0.1.tgz 9310ms (cache miss)
212 timing reifyNode:node_modules/strip-json-comments Completed in 10282ms
213 http fetch GET 200 https://registry.npmjs.org/readable-web-to-node-stream/-/readable-web-to-node-stream-3.0.2.tgz 9390ms (cache miss)
214 timing reifyNode:node_modules/readable-web-to-node-stream Completed in 10396ms
215 http fetch GET 200 https://registry.npmjs.org/simple-concat/-/simple-concat-1.0.1.tgz 9412ms (cache miss)
216 timing reifyNode:node_modules/simple-concat Completed in 10399ms
217 http fetch GET 200 https://registry.npmjs.org/proxy-from-env/-/proxy-from-env-1.1.0.tgz 9301ms (cache miss)
218 timing reifyNode:node_modules/proxy-from-env Completed in 10403ms
219 http fetch GET 200 https://registry.npmjs.org/loose-envify/-/loose-envify-1.4.0.tgz 9186ms (cache miss)
220 timing reifyNode:node_modules/loose-envify Completed in 10462ms
221 http fetch GET 200 https://registry.npmjs.org/yallist/-/yallist-4.0.0.tgz 9695ms (cache miss)
222 timing reifyNode:node_modules/yallist Completed in 10585ms
223 http fetch GET 200 https://registry.npmjs.org/webidl-conversions/-/webidl-conversions-3.0.1.tgz 9686ms (cache miss)
224 timing reifyNode:node_modules/webidl-conversions Completed in 10584ms
225 http fetch GET 200 https://registry.npmjs.org/string_decoder/-/string_decoder-1.3.0.tgz 9607ms (cache miss)
226 timing reifyNode:node_modules/string_decoder Completed in 10579ms
227 http fetch GET 200 https://registry.npmjs.org/peek-readable/-/peek-readable-5.0.0.tgz 9510ms (cache miss)
228 timing reifyNode:node_modules/peek-readable Completed in 10615ms
229 http fetch GET 200 https://registry.npmjs.org/ms/-/ms-2.1.3.tgz 9413ms (cache miss)
230 timing reifyNode:node_modules/ms Completed in 10610ms
231 http fetch GET 200 https://registry.npmjs.org/minimatch/-/minimatch-3.1.2.tgz 9487ms (cache miss)
232 timing reifyNode:node_modules/minimatch Completed in 10693ms
233 http fetch GET 200 https://registry.npmjs.org/token-types/-/token-types-5.0.1.tgz 9790ms (cache miss)
234 timing reifyNode:node_modules/token-types Completed in 10702ms
235 http fetch GET 200 https://registry.npmjs.org/randombytes/-/randombytes-2.1.0.tgz 9615ms (cache miss)
236 timing reifyNode:node_modules/randombytes Completed in 10706ms
237 http fetch GET 200 https://registry.npmjs.org/pump/-/pump-3.0.0.tgz 9617ms (cache miss)
238 timing reifyNode:node_modules/pump Completed in 10711ms
239 http fetch GET 200 https://registry.npmjs.org/path-is-absolute/-/path-is-absolute-1.0.1.tgz 9599ms (cache miss)
240 timing reifyNode:node_modules/path-is-absolute Completed in 10711ms
241 http fetch GET 200 https://registry.npmjs.org/once/-/once-1.4.0.tgz 9597ms (cache miss)
242 timing reifyNode:node_modules/once Completed in 10712ms
243 http fetch GET 200 https://registry.npmjs.org/napi-build-utils/-/napi-build-utils-1.0.2.tgz 9517ms (cache miss)
244 timing reifyNode:node_modules/napi-build-utils Completed in 10706ms
245 http fetch GET 200 https://registry.npmjs.org/mkdirp-classic/-/mkdirp-classic-0.5.3.tgz 9562ms (cache miss)
246 timing reifyNode:node_modules/mkdirp-classic Completed in 10765ms
247 http fetch GET 200 https://registry.npmjs.org/mimic-response/-/mimic-response-3.1.0.tgz 9559ms (cache miss)
248 timing reifyNode:node_modules/mimic-response Completed in 10766ms
249 http fetch GET 200 https://registry.npmjs.org/js-tokens/-/js-tokens-4.0.0.tgz 9472ms (cache miss)
250 timing reifyNode:node_modules/js-tokens Completed in 10766ms
251 http fetch GET 200 https://registry.npmjs.org/fast-deep-equal/-/fast-deep-equal-3.1.3.tgz 9273ms (cache miss)
252 http fetch GET 200 https://registry.npmjs.org/serialize-javascript/-/serialize-javascript-6.0.1.tgz 9881ms (cache miss)
253 timing reifyNode:node_modules/serialize-javascript Completed in 10871ms
254 http fetch GET 200 https://registry.npmjs.org/lodash.snakecase/-/lodash.snakecase-4.1.1.tgz 9653ms (cache miss)
255 timing reifyNode:node_modules/lodash.snakecase Completed in 10868ms
256 http fetch GET 200 https://registry.npmjs.org/has-proto/-/has-proto-1.0.1.tgz 9451ms (cache miss)
257 timing reifyNode:node_modules/has-proto Completed in 10867ms
258 http fetch GET 200 https://registry.npmjs.org/has/-/has-1.0.3.tgz 9451ms (cache miss)
259 timing reifyNode:node_modules/has Completed in 10868ms
260 http fetch GET 200 https://registry.npmjs.org/github-from-package/-/github-from-package-0.0.0.tgz 9450ms (cache miss)
261 http fetch GET 200 https://registry.npmjs.org/delayed-stream/-/delayed-stream-1.0.0.tgz 9362ms (cache miss)
262 timing reifyNode:node_modules/delayed-stream Completed in 10870ms
263 timing reifyNode:node_modules/github-from-package Completed in 10873ms
264 http fetch GET 200 https://registry.npmjs.org/@types/ws/-/ws-8.5.5.tgz 9186ms (cache miss)
265 timing reifyNode:node_modules/@types/ws Completed in 10886ms
266 timing reifyNode:node_modules/fast-deep-equal Completed in 10984ms
267 http fetch GET 200 https://registry.npmjs.org/tunnel-agent/-/tunnel-agent-0.6.0.tgz 10100ms (cache miss)
268 timing reifyNode:node_modules/tunnel-agent Completed in 10997ms
269 http fetch GET 200 https://registry.npmjs.org/simple-get/-/simple-get-4.0.1.tgz 10014ms (cache miss)
270 timing reifyNode:node_modules/simple-get Completed in 10997ms
271 http fetch GET 200 https://registry.npmjs.org/safe-buffer/-/safe-buffer-5.2.1.tgz 10003ms (cache miss)
272 timing reifyNode:node_modules/safe-buffer Completed in 10999ms
273 http fetch GET 200 https://registry.npmjs.org/node-abi/-/node-abi-3.47.0.tgz 9821ms (cache miss)
274 timing reifyNode:node_modules/node-abi Completed in 10999ms
275 http fetch GET 200 https://registry.npmjs.org/inherits/-/inherits-2.0.4.tgz 9697ms (cache miss)
276 timing reifyNode:node_modules/inherits Completed in 11000ms
277 http fetch GET 200 https://registry.npmjs.org/ieee754/-/ieee754-1.2.1.tgz 9592ms (cache miss)
278 timing reifyNode:node_modules/ieee754 Completed in 11001ms
279 http fetch GET 200 https://registry.npmjs.org/form-data/-/form-data-4.0.0.tgz 9521ms (cache miss)
280 timing reifyNode:node_modules/form-data Completed in 11000ms
281 http fetch GET 200 https://registry.npmjs.org/follow-redirects/-/follow-redirects-1.15.2.tgz 9520ms (cache miss)
282 timing reifyNode:node_modules/follow-redirects Completed in 11000ms
283 http fetch GET 200 https://registry.npmjs.org/file-uri-to-path/-/file-uri-to-path-1.0.0.tgz 9510ms (cache miss)
284 timing reifyNode:node_modules/file-uri-to-path Completed in 10999ms
285 http fetch GET 200 https://registry.npmjs.org/fs.realpath/-/fs.realpath-1.0.0.tgz 9577ms (cache miss)
286 timing reifyNode:node_modules/fs.realpath Completed in 11001ms
287 http fetch GET 200 https://registry.npmjs.org/end-of-stream/-/end-of-stream-1.4.4.tgz 9582ms (cache miss)
288 timing reifyNode:node_modules/end-of-stream Completed in 11080ms
289 http fetch GET 200 https://registry.npmjs.org/combined-stream/-/combined-stream-1.0.8.tgz 9481ms (cache miss)
290 timing reifyNode:node_modules/combined-stream Completed in 11080ms
291 http fetch GET 200 https://registry.npmjs.org/clsx/-/clsx-1.2.1.tgz 9476ms (cache miss)
292 timing reifyNode:node_modules/clsx Completed in 11080ms
293 http fetch GET 200 https://registry.npmjs.org/side-channel/-/side-channel-1.0.4.tgz 10196ms (cache miss)
294 timing reifyNode:node_modules/side-channel Completed in 11185ms
295 http fetch GET 200 https://registry.npmjs.org/has-symbols/-/has-symbols-1.0.3.tgz 9847ms (cache miss)
296 http fetch GET 200 https://registry.npmjs.org/inflight/-/inflight-1.0.6.tgz 9960ms (cache miss)
297 timing reifyNode:node_modules/inflight Completed in 11263ms
298 http fetch GET 200 https://registry.npmjs.org/fs-constants/-/fs-constants-1.0.0.tgz 9785ms (cache miss)
299 timing reifyNode:node_modules/fs-constants Completed in 11263ms
300 http fetch GET 200 https://registry.npmjs.org/deep-extend/-/deep-extend-0.6.0.tgz 9695ms (cache miss)
301 timing reifyNode:node_modules/deep-extend Completed in 11262ms
302 http fetch GET 200 https://registry.npmjs.org/decompress-response/-/decompress-response-6.0.0.tgz 9667ms (cache miss)
303 timing reifyNode:node_modules/decompress-response Completed in 11263ms
304 http fetch GET 200 https://registry.npmjs.org/balanced-match/-/balanced-match-1.0.2.tgz 9586ms (cache miss)
305 timing reifyNode:node_modules/balanced-match Completed in 11263ms
306 http fetch GET 200 https://registry.npmjs.org/tar-stream/-/tar-stream-2.2.0.tgz 10375ms (cache miss)
307 timing reifyNode:node_modules/tar-stream Completed in 11287ms
308 http fetch GET 200 https://registry.npmjs.org/lru-cache/-/lru-cache-6.0.0.tgz 10159ms (cache miss)
309 timing reifyNode:node_modules/lru-cache Completed in 11371ms
310 http fetch GET 200 https://registry.npmjs.org/jsonfile/-/jsonfile-5.0.0.tgz 10084ms (cache miss)
311 timing reifyNode:node_modules/jsonfile Completed in 11371ms
312 http fetch GET 200 https://registry.npmjs.org/graceful-fs/-/graceful-fs-4.2.11.tgz 9954ms (cache miss)
313 timing reifyNode:node_modules/graceful-fs Completed in 11371ms
314 http fetch GET 200 https://registry.npmjs.org/glob/-/glob-7.2.3.tgz 9953ms (cache miss)
315 timing reifyNode:node_modules/glob Completed in 11372ms
316 http fetch GET 200 https://registry.npmjs.org/detect-libc/-/detect-libc-2.0.2.tgz 9866ms (cache miss)
317 timing reifyNode:node_modules/detect-libc Completed in 11373ms
318 http fetch GET 200 https://registry.npmjs.org/chownr/-/chownr-1.1.4.tgz 9768ms (cache miss)
319 timing reifyNode:node_modules/chownr Completed in 11373ms
320 http fetch GET 200 https://registry.npmjs.org/call-bind/-/call-bind-1.0.2.tgz 9767ms (cache miss)
321 http fetch GET 200 https://registry.npmjs.org/buffer-crc32/-/buffer-crc32-0.2.13.tgz 9707ms (cache miss)
322 timing reifyNode:node_modules/buffer-crc32 Completed in 11374ms
323 http fetch GET 200 https://registry.npmjs.org/@types/scheduler/-/scheduler-0.16.3.tgz 9685ms (cache miss)
324 timing reifyNode:node_modules/@types/scheduler Completed in 11378ms
325 http fetch GET 200 https://registry.npmjs.org/bindings/-/bindings-1.5.0.tgz 9709ms (cache miss)
326 timing reifyNode:node_modules/bindings Completed in 11380ms
327 http fetch GET 200 https://registry.npmjs.org/twemoji-parser/-/twemoji-parser-14.0.0.tgz 10514ms (cache miss)
328 timing reifyNode:node_modules/twemoji-parser Completed in 11409ms
329 http fetch GET 200 https://registry.npmjs.org/streamsearch/-/streamsearch-1.1.0.tgz 10501ms (cache miss)
330 timing reifyNode:node_modules/streamsearch Completed in 11478ms
331 http fetch GET 200 https://registry.npmjs.org/mime-types/-/mime-types-2.1.35.tgz 10270ms (cache miss)
332 timing reifyNode:node_modules/mime-types Completed in 11477ms
333 http fetch GET 200 https://registry.npmjs.org/hex-to-rgba/-/hex-to-rgba-2.0.1.tgz 10069ms (cache miss)
334 timing reifyNode:node_modules/hex-to-rgba Completed in 11482ms
335 http fetch GET 200 https://registry.npmjs.org/ini/-/ini-1.3.8.tgz 10182ms (cache miss)
336 timing reifyNode:node_modules/ini Completed in 11483ms
337 http fetch GET 200 https://registry.npmjs.org/function-bind/-/function-bind-1.1.1.tgz 10060ms (cache miss)
338 http fetch GET 200 https://registry.npmjs.org/expand-template/-/expand-template-2.0.3.tgz 9990ms (cache miss)
339 timing reifyNode:node_modules/expand-template Completed in 11483ms
340 http fetch GET 200 https://registry.npmjs.org/emoji-regex/-/emoji-regex-10.2.1.tgz 9982ms (cache miss)
341 timing reifyNode:node_modules/emoji-regex Completed in 11484ms
342 timing reifyNode:node_modules/call-bind Completed in 11483ms
343 http fetch GET 200 https://registry.npmjs.org/brace-expansion/-/brace-expansion-1.1.11.tgz 9814ms (cache miss)
344 timing reifyNode:node_modules/brace-expansion Completed in 11482ms
345 http fetch GET 200 https://registry.npmjs.org/concat-map/-/concat-map-0.0.1.tgz 9888ms (cache miss)
346 timing reifyNode:node_modules/concat-map Completed in 11486ms
347 timing reifyNode:node_modules/function-bind Completed in 11488ms
348 http fetch GET 200 https://registry.npmjs.org/rc/-/rc-1.2.8.tgz 10561ms (cache miss)
349 timing reifyNode:node_modules/rc Completed in 11575ms
350 timing reifyNode:node_modules/has-symbols Completed in 11582ms
351 http fetch GET 200 https://registry.npmjs.org/asynckit/-/asynckit-0.4.0.tgz 9915ms (cache miss)
352 http fetch GET 200 https://registry.npmjs.org/@types/prop-types/-/prop-types-15.7.5.tgz 9906ms (cache miss)
353 timing reifyNode:node_modules/@types/prop-types Completed in 11601ms
354 http fetch GET 200 https://registry.npmjs.org/@tokenizer/token/-/token-0.3.0.tgz 9839ms (cache miss)
355 timing reifyNode:node_modules/@tokenizer/token Completed in 11602ms
356 http fetch GET 200 https://registry.npmjs.org/@sapphire/async-queue/-/async-queue-1.5.0.tgz 9904ms (cache miss)
357 http fetch GET 200 https://registry.npmjs.org/buffer/-/buffer-5.7.1.tgz 10060ms (cache miss)
358 timing reifyNode:node_modules/buffer Completed in 11727ms
359 http fetch GET 200 https://registry.npmjs.org/argparse/-/argparse-2.0.1.tgz 10042ms (cache miss)
360 http fetch GET 200 https://registry.npmjs.org/ansi-colors/-/ansi-colors-4.1.3.tgz 10041ms (cache miss)
361 timing reifyNode:node_modules/ansi-colors Completed in 11728ms
362 http fetch GET 200 https://registry.npmjs.org/base64-js/-/base64-js-1.5.1.tgz 10054ms (cache miss)
363 timing reifyNode:node_modules/base64-js Completed in 11729ms
364 http fetch GET 200 https://registry.npmjs.org/atob/-/atob-2.1.2.tgz 10109ms (cache miss)
365 timing reifyNode:node_modules/atob Completed in 11793ms
366 http fetch GET 200 https://registry.npmjs.org/bl/-/bl-4.1.0.tgz 10140ms (cache miss)
367 timing reifyNode:node_modules/bl Completed in 11809ms
368 http fetch GET 200 https://registry.npmjs.org/@sapphire/snowflake/-/snowflake-3.5.1.tgz 10094ms (cache miss)
369 http fetch GET 200 https://registry.npmjs.org/whatwg-url/-/whatwg-url-5.0.0.tgz 11004ms (cache miss)
370 timing reifyNode:node_modules/whatwg-url Completed in 11902ms
371 timing reifyNode:node_modules/argparse Completed in 11963ms
372 http fetch GET 200 https://registry.npmjs.org/@discordjs/util/-/util-0.3.1.tgz 10169ms (cache miss)
373 timing reifyNode:node_modules/@discordjs/util Completed in 11963ms
374 timing reifyNode:node_modules/asynckit Completed in 11981ms
375 http fetch GET 200 https://registry.npmjs.org/jsonfile/-/jsonfile-4.0.0.tgz 9889ms (cache miss)
376 timing reifyNode:node_modules/fs-extra/node_modules/jsonfile Completed in 11985ms
377 http fetch GET 200 https://registry.npmjs.org/@discordjs/util/-/util-1.0.1.tgz 9899ms (cache miss)
378 http fetch GET 200 https://registry.npmjs.org/get-intrinsic/-/get-intrinsic-1.2.1.tgz 10741ms (cache miss)
379 timing reifyNode:node_modules/get-intrinsic Completed in 12164ms
380 timing reifyNode:node_modules/@sapphire/async-queue Completed in 12165ms
381 timing reifyNode:node_modules/@sapphire/snowflake Completed in 12166ms
382 timing reifyNode:node_modules/discord.js/node_modules/@discordjs/util Completed in 12173ms
383 http fetch GET 200 https://registry.npmjs.org/semver/-/semver-5.7.2.tgz 11194ms (cache miss)
384 timing reifyNode:node_modules/semver Completed in 12186ms
385 http fetch GET 200 https://registry.npmjs.org/prebuild-install/-/prebuild-install-7.1.1.tgz 11168ms (cache miss)
386 timing reifyNode:node_modules/prebuild-install Completed in 12271ms
387 http fetch GET 200 https://registry.npmjs.org/file-type/-/file-type-18.5.0.tgz 10779ms (cache miss)
388 timing reifyNode:node_modules/file-type Completed in 12270ms
389 http fetch GET 200 https://registry.npmjs.org/strtok3/-/strtok3-7.0.0.tgz 11377ms (cache miss)
390 timing reifyNode:node_modules/strtok3 Completed in 12292ms
391 http fetch GET 200 https://registry.npmjs.org/@discordjs/util/-/util-1.0.1.tgz 10175ms (cache miss)
392 timing reifyNode:node_modules/@discordjs/ws/node_modules/@discordjs/util Completed in 12359ms
393 http fetch GET 200 https://registry.npmjs.org/@discordjs/util/-/util-1.0.1.tgz 10169ms (cache miss)
394 http fetch GET 200 https://registry.npmjs.org/tslib/-/tslib-2.6.2.tgz 11474ms (cache miss)
395 timing reifyNode:node_modules/tslib Completed in 12377ms
396 http fetch GET 200 https://registry.npmjs.org/@discordjs/formatters/-/formatters-0.3.2.tgz 10579ms (cache miss)
397 timing reifyNode:node_modules/@discordjs/builders/node_modules/@discordjs/util Completed in 12375ms
398 http fetch GET 200 https://registry.npmjs.org/magic-bytes.js/-/magic-bytes.js-1.0.15.tgz 11173ms (cache miss)
399 http fetch GET 200 https://registry.npmjs.org/scheduler/-/scheduler-0.23.0.tgz 11500ms (cache miss)
400 timing reifyNode:node_modules/scheduler Completed in 12495ms
401 http fetch GET 200 https://registry.npmjs.org/node-fetch/-/node-fetch-2.7.0.tgz 11317ms (cache miss)
402 timing reifyNode:node_modules/node-fetch Completed in 12495ms
403 http fetch GET 200 https://registry.npmjs.org/enmap/-/enmap-5.9.8.tgz 11079ms (cache miss)
404 http fetch GET 200 https://registry.npmjs.org/@vladfrangu/async_event_emitter/-/async_event_emitter-2.2.2.tgz 10910ms (cache miss)
405 timing reifyNode:node_modules/@discordjs/formatters Completed in 12603ms
406 http fetch GET 200 https://registry.npmjs.org/mime-db/-/mime-db-1.52.0.tgz 11404ms (cache miss)
407 timing reifyNode:node_modules/mime-db Completed in 12613ms
408 timing reifyNode:node_modules/magic-bytes.js Completed in 12613ms
409 timing reifyNode:node_modules/enmap Completed in 12695ms
410 timing reifyNode:node_modules/@vladfrangu/async_event_emitter Completed in 12772ms
411 http fetch GET 200 https://registry.npmjs.org/axios 8887ms (cache miss)
412 timing metavuln:packument:axios Completed in 8893ms
413 timing metavuln:load:security-advisory:axios:1094889 Completed in 5ms
414 http fetch GET 200 https://registry.npmjs.org/simple-markdown/-/simple-markdown-0.7.3.tgz 11831ms (cache miss)
415 timing reifyNode:node_modules/simple-markdown Completed in 12804ms
416 http fetch GET 200 https://registry.npmjs.org/paypal-rest-sdk/-/paypal-rest-sdk-1.8.1.tgz 11796ms (cache miss)
417 http fetch GET 200 https://registry.npmjs.org/undici 9187ms (cache miss)
418 timing metavuln:packument:undici Completed in 9193ms
419 timing metavuln:load:security-advisory:undici:1094515 Completed in 11ms
420 timing reifyNode:node_modules/paypal-rest-sdk Completed in 13193ms
421 http fetch GET 200 https://registry.npmjs.org/busboy/-/busboy-1.6.0.tgz 11668ms (cache miss)
422 http fetch GET 200 https://registry.npmjs.org/minimist/-/minimist-1.2.8.tgz 12091ms (cache miss)
423 timing reifyNode:node_modules/minimist Completed in 13296ms
424 timing reifyNode:node_modules/busboy Completed in 13375ms
425 http fetch GET 200 https://registry.npmjs.org/twemoji/-/twemoji-14.0.2.tgz 12492ms (cache miss)
426 timing reifyNode:node_modules/twemoji Completed in 13389ms
427 http fetch GET 200 https://registry.npmjs.org/tar-fs/-/tar-fs-2.1.1.tgz 12681ms (cache miss)
428 timing reifyNode:node_modules/tar-fs Completed in 13595ms
429 http fetch GET 200 https://registry.npmjs.org/@discordjs/collection/-/collection-1.5.3.tgz 11802ms (cache miss)
430 timing reifyNode:node_modules/@discordjs/collection Completed in 13660ms
431 timing metavuln:cache:put:security-advisory:axios:Jphyrph0xSBoV7rAKQ5sxe+Zizq65vm72MJltviDtKidjsZwX/gC36j+hz03tZ86vHMEkACxqA4FcmoDJt5vmg== Completed in 1003ms
432 timing metavuln:calculate:security-advisory:axios:1094889 Completed in 9901ms
433 http fetch GET 200 https://registry.npmjs.org/ws/-/ws-8.13.0.tgz 12917ms (cache miss)
434 timing reifyNode:node_modules/ws Completed in 13810ms
435 http fetch GET 200 https://registry.npmjs.org/ts-mixer/-/ts-mixer-6.0.3.tgz 12900ms (cache miss)
436 timing reifyNode:node_modules/ts-mixer Completed in 13803ms
437 http fetch GET 200 https://registry.npmjs.org/object-inspect/-/object-inspect-1.12.3.tgz 12771ms (cache miss)
438 timing reifyNode:node_modules/object-inspect Completed in 13888ms
439 http fetch GET 200 https://registry.npmjs.org/tr46/-/tr46-0.0.3.tgz 13088ms (cache miss)
440 timing reifyNode:node_modules/tr46 Completed in 13992ms
441 http fetch GET 200 https://registry.npmjs.org/on-change/-/on-change-3.0.2.tgz 12880ms (cache miss)
442 timing reifyNode:node_modules/on-change Completed in 13997ms
443 http fetch GET 200 https://registry.npmjs.org/react/-/react-18.2.0.tgz 13188ms (cache miss)
444 timing metavuln:cache:put:security-advisory:undici:LVA0PUXDNBReLTPS+TI9Iu88e+KDflnyDmYT5ai963hfhyA/0DSzDjvIOEG4SWPsxW9YWYBdJdqNBVOnk7adeA== Completed in 1104ms
445 timing metavuln:calculate:security-advisory:undici:1094515 Completed in 10323ms
446 http fetch GET 200 https://registry.npmjs.org/@derockdev/discord-components-react/-/discord-components-react-3.6.1.tgz 12398ms (cache miss)
447 timing metavuln:cache:get:security-advisory:@discordjs/rest:nTbAso0h2wSeYTBYupB0K+vc5TWeneF8gvjQxyUOfJnMv9zRWfuBYh+72sxQH3iJnB8thnUG2rvwpneUegvCrg== Completed in 92ms
448 timing metavuln:cache:get:security-advisory:discord.js:35+Fog3shpS45AdC9bHlQQ0Q2cszKszFxgVxSzXOjPgoKgodYqPWFwxAAtPxz//2Q4hux8likNPgvMtmlszAJw== Completed in 91ms
449 timing metavuln:cache:get:security-advisory:discord-html-transcripts:fQfTyWOEIp+xwBY+0A3dvSuYcN7rRhB/uI/CbtPLdbIzVrQcjCGptomUzTM1pZiCzNhuctz0RQBoFfNHBcbKbQ== Completed in 27ms
450 timing reifyNode:node_modules/react Completed in 14303ms
451 http fetch GET 200 https://registry.npmjs.org/discord-markdown-parser/-/discord-markdown-parser-1.1.0.tgz 12791ms (cache miss)
452 http fetch GET 200 https://registry.npmjs.org/qs/-/qs-6.11.2.tgz 13212ms (cache miss)
453 timing reifyNode:node_modules/qs Completed in 14304ms
454 timing reifyNode:node_modules/@derockdev/discord-components-react Completed in 14358ms
455 http fetch GET 200 https://registry.npmjs.org/readable-stream/-/readable-stream-3.6.2.tgz 13369ms (cache miss)
456 timing reifyNode:node_modules/readable-stream Completed in 14380ms
457 timing reifyNode:node_modules/discord-markdown-parser Completed in 14381ms
458 http fetch GET 200 https://registry.npmjs.org/@types/react/-/react-18.2.21.tgz 12779ms (cache miss)
459 timing reifyNode:node_modules/@types/react Completed in 14473ms
460 http fetch GET 200 https://registry.npmjs.org/@discordjs/builders/-/builders-1.6.5.tgz 12812ms (cache miss)
461 timing reifyNode:node_modules/@discordjs/builders Completed in 14671ms
462 http fetch GET 200 https://registry.npmjs.org/discord-html-transcripts/-/discord-html-transcripts-3.1.5.tgz 13218ms (cache miss)
463 http fetch GET 200 https://registry.npmjs.org/@discordjs/rest/-/rest-1.7.1.tgz 12929ms (cache miss)
464 timing reifyNode:node_modules/@discordjs/rest Completed in 14723ms
465 http fetch GET 200 https://registry.npmjs.org/semver/-/semver-7.5.4.tgz 12696ms (cache miss)
466 http fetch GET 200 https://registry.npmjs.org/fs-extra/-/fs-extra-8.1.0.tgz 13359ms (cache miss)
467 timing reifyNode:node_modules/discord-html-transcripts Completed in 14863ms
468 timing reifyNode:node_modules/node-abi/node_modules/semver Completed in 14872ms
469 timing reifyNode:node_modules/fs-extra Completed in 14906ms
470 http fetch GET 200 https://registry.npmjs.org/discord-html-transcripts 1131ms (cache miss)
471 timing metavuln:packument:discord-html-transcripts Completed in 1133ms
472 timing metavuln:load:security-advisory:discord-html-transcripts:LVA0PUXDNBReLTPS+TI9Iu88e+KDflnyDmYT5ai963hfhyA/0DSzDjvIOEG4SWPsxW9YWYBdJdqNBVOnk7adeA== Completed in 67ms
473 http fetch GET 200 https://registry.npmjs.org/js-yaml/-/js-yaml-4.1.0.tgz 14402ms (cache miss)
474 timing reifyNode:node_modules/js-yaml Completed in 15693ms
475 http fetch GET 200 https://registry.npmjs.org/@discordjs/rest/-/rest-2.0.1.tgz 13605ms (cache miss)
476 timing reifyNode:node_modules/discord.js/node_modules/@discordjs/rest Completed in 15773ms
477 http fetch GET 200 https://registry.npmjs.org/@discordjs/rest/-/rest-2.0.1.tgz 13607ms (cache miss)
478 timing reifyNode:node_modules/@discordjs/ws/node_modules/@discordjs/rest Completed in 15793ms
479 http fetch GET 200 https://registry.npmjs.org/csstype/-/csstype-3.1.2.tgz 14379ms (cache miss)
480 timing reifyNode:node_modules/csstype Completed in 15977ms
481 http fetch GET 200 https://registry.npmjs.org/@discordjs/ws/-/ws-1.0.1.tgz 14303ms (cache miss)
482 timing reifyNode:node_modules/@discordjs/ws Completed in 16071ms
483 timing metavuln:cache:put:security-advisory:discord-html-transcripts:fQfTyWOEIp+xwBY+0A3dvSuYcN7rRhB/uI/CbtPLdbIzVrQcjCGptomUzTM1pZiCzNhuctz0RQBoFfNHBcbKbQ== Completed in 620ms
484 timing metavuln:calculate:security-advisory:discord-html-transcripts:LVA0PUXDNBReLTPS+TI9Iu88e+KDflnyDmYT5ai963hfhyA/0DSzDjvIOEG4SWPsxW9YWYBdJdqNBVOnk7adeA== Completed in 1820ms
485 http fetch GET 200 https://registry.npmjs.org/@sapphire/shapeshift/-/shapeshift-3.9.2.tgz 14531ms (cache miss)
486 timing reifyNode:node_modules/@sapphire/shapeshift Completed in 16298ms
487 http fetch GET 200 https://registry.npmjs.org/@discordjs%2frest 5965ms (cache miss)
488 timing metavuln:packument:@discordjs/rest Completed in 6005ms
489 timing metavuln:load:security-advisory:@discordjs/rest:LVA0PUXDNBReLTPS+TI9Iu88e+KDflnyDmYT5ai963hfhyA/0DSzDjvIOEG4SWPsxW9YWYBdJdqNBVOnk7adeA== Completed in 1163ms
490 http fetch GET 200 https://registry.npmjs.org/moment-timezone/-/moment-timezone-0.5.43.tgz 20296ms (cache miss)
491 timing reifyNode:node_modules/moment-timezone Completed in 21575ms
492 timing metavuln:cache:put:security-advisory:@discordjs/rest:nTbAso0h2wSeYTBYupB0K+vc5TWeneF8gvjQxyUOfJnMv9zRWfuBYh+72sxQH3iJnB8thnUG2rvwpneUegvCrg== Completed in 526ms
493 timing metavuln:calculate:security-advisory:@discordjs/rest:LVA0PUXDNBReLTPS+TI9Iu88e+KDflnyDmYT5ai963hfhyA/0DSzDjvIOEG4SWPsxW9YWYBdJdqNBVOnk7adeA== Completed in 7694ms
494 http fetch GET 200 https://registry.npmjs.org/axios/-/axios-1.5.0.tgz 20319ms (cache miss)
495 timing reifyNode:node_modules/axios Completed in 21997ms
496 http fetch GET 200 https://registry.npmjs.org/undici/-/undici-5.22.1.tgz 20864ms (cache miss)
497 timing reifyNode:node_modules/discord.js/node_modules/undici Completed in 22963ms
498 http fetch GET 200 https://registry.npmjs.org/discord.js 8808ms (cache miss)
499 timing metavuln:packument:discord.js Completed in 8998ms
500 timing metavuln:load:security-advisory:discord.js:LVA0PUXDNBReLTPS+TI9Iu88e+KDflnyDmYT5ai963hfhyA/0DSzDjvIOEG4SWPsxW9YWYBdJdqNBVOnk7adeA== Completed in 1394ms
501 http fetch GET 200 https://registry.npmjs.org/undici/-/undici-5.22.1.tgz 22604ms (cache miss)
502 timing reifyNode:node_modules/@discordjs/ws/node_modules/undici Completed in 24785ms
503 timing metavuln:cache:put:security-advisory:discord.js:35+Fog3shpS45AdC9bHlQQ0Q2cszKszFxgVxSzXOjPgoKgodYqPWFwxAAtPxz//2Q4hux8likNPgvMtmlszAJw== Completed in 622ms
504 timing metavuln:calculate:security-advisory:discord.js:LVA0PUXDNBReLTPS+TI9Iu88e+KDflnyDmYT5ai963hfhyA/0DSzDjvIOEG4SWPsxW9YWYBdJdqNBVOnk7adeA== Completed in 11017ms
505 timing metavuln:cache:get:security-advisory:@discordjs/ws:+mHKy+ULb5O8bpaLVgOY2Yg6G3AifFXHYj7eJYJwqveYNV7dMI5izxWcwc1tPKfTahRq5mxP53r3gDP9Sgh2rQ== Completed in 8ms
506 timing metavuln:cache:get:security-advisory:discord.js:MYNh95YeDJpTLiCTjYqhNIgyZjoA5CWozXUwHNd5xsx6on+2nmNOuiVk8yOZ1cb/X7FKWkv4m/xk7fCACYQyRw== Completed in 6ms
507 timing metavuln:load:security-advisory:discord.js:nTbAso0h2wSeYTBYupB0K+vc5TWeneF8gvjQxyUOfJnMv9zRWfuBYh+72sxQH3iJnB8thnUG2rvwpneUegvCrg== Completed in 1263ms
508 http fetch GET 200 https://registry.npmjs.org/undici/-/undici-5.23.0.tgz 25797ms (cache miss)
509 timing reifyNode:node_modules/undici Completed in 26692ms
510 timing metavuln:cache:put:security-advisory:discord.js:MYNh95YeDJpTLiCTjYqhNIgyZjoA5CWozXUwHNd5xsx6on+2nmNOuiVk8yOZ1cb/X7FKWkv4m/xk7fCACYQyRw== Completed in 406ms
511 timing metavuln:calculate:security-advisory:discord.js:nTbAso0h2wSeYTBYupB0K+vc5TWeneF8gvjQxyUOfJnMv9zRWfuBYh+72sxQH3iJnB8thnUG2rvwpneUegvCrg== Completed in 1675ms
512 http fetch GET 200 https://registry.npmjs.org/react-dom/-/react-dom-18.2.0.tgz 27386ms (cache miss)
513 timing reifyNode:node_modules/react-dom Completed in 28402ms
514 http fetch GET 200 https://registry.npmjs.org/@types/node/-/node-20.5.9.tgz 27726ms (cache miss)
515 timing reifyNode:node_modules/@types/node Completed in 29498ms
516 http fetch GET 200 https://registry.npmjs.org/@discordjs%2fws 5483ms (cache miss)
517 timing metavuln:packument:@discordjs/ws Completed in 5569ms
518 timing metavuln:load:security-advisory:@discordjs/ws:nTbAso0h2wSeYTBYupB0K+vc5TWeneF8gvjQxyUOfJnMv9zRWfuBYh+72sxQH3iJnB8thnUG2rvwpneUegvCrg== Completed in 476ms
519 timing metavuln:cache:put:security-advisory:@discordjs/ws:+mHKy+ULb5O8bpaLVgOY2Yg6G3AifFXHYj7eJYJwqveYNV7dMI5izxWcwc1tPKfTahRq5mxP53r3gDP9Sgh2rQ== Completed in 323ms
520 timing metavuln:calculate:security-advisory:@discordjs/ws:nTbAso0h2wSeYTBYupB0K+vc5TWeneF8gvjQxyUOfJnMv9zRWfuBYh+72sxQH3iJnB8thnUG2rvwpneUegvCrg== Completed in 6369ms
521 timing metavuln:cache:get:security-advisory:discord-html-transcripts:S9po9wY4a89EMUD8JWrud3X9LEYJaNSJrlPTC0+SYC/0gP9G7ChKxNm9sWmUoxL4tor4F7giakZqWAKazgxqYA== Completed in 89ms
522 timing metavuln:load:security-advisory:discord-html-transcripts:35+Fog3shpS45AdC9bHlQQ0Q2cszKszFxgVxSzXOjPgoKgodYqPWFwxAAtPxz//2Q4hux8likNPgvMtmlszAJw== Completed in 183ms
523 http fetch GET 200 https://registry.npmjs.org/discord.js/-/discord.js-14.13.0.tgz 30574ms (cache miss)
524 timing reifyNode:node_modules/discord.js Completed in 32079ms
525 timing metavuln:cache:put:security-advisory:discord-html-transcripts:S9po9wY4a89EMUD8JWrud3X9LEYJaNSJrlPTC0+SYC/0gP9G7ChKxNm9sWmUoxL4tor4F7giakZqWAKazgxqYA== Completed in 306ms
526 timing metavuln:calculate:security-advisory:discord-html-transcripts:35+Fog3shpS45AdC9bHlQQ0Q2cszKszFxgVxSzXOjPgoKgodYqPWFwxAAtPxz//2Q4hux8likNPgvMtmlszAJw== Completed in 578ms
527 timing auditReport:init Completed in 28295ms
528 timing reify:audit Completed in 32293ms
529 http fetch GET 200 https://registry.npmjs.org/stripe/-/stripe-10.17.0.tgz 31613ms (cache miss)
530 timing reifyNode:node_modules/stripe Completed in 32541ms
531 http fetch GET 200 https://registry.npmjs.org/better-sqlite3/-/better-sqlite3-8.6.0.tgz 33218ms (cache miss)
532 timing reifyNode:node_modules/better-sqlite3 Completed in 34964ms
533 http fetch GET 200 https://registry.npmjs.org/moment/-/moment-2.29.4.tgz 36262ms (cache miss)
534 timing reifyNode:node_modules/moment Completed in 37477ms
535 http fetch GET 200 https://registry.npmjs.org/lodash/-/lodash-4.17.21.tgz 38412ms (cache miss)
536 timing reifyNode:node_modules/lodash Completed in 39765ms
537 http fetch GET 200 https://registry.npmjs.org/discord-api-types/-/discord-api-types-0.37.56.tgz 39361ms (cache miss)
538 http fetch GET 200 https://registry.npmjs.org/discord-api-types/-/discord-api-types-0.37.50.tgz 38677ms (cache miss)
539 http fetch GET 200 https://registry.npmjs.org/discord-api-types/-/discord-api-types-0.37.50.tgz 38680ms (cache miss)
540 timing reifyNode:node_modules/discord-api-types Completed in 40870ms
541 timing reifyNode:node_modules/@discordjs/builders/node_modules/discord-api-types Completed in 40868ms
542 timing reifyNode:node_modules/@discordjs/formatters/node_modules/discord-api-types Completed in 40869ms
543 http fetch GET 200 https://registry.npmjs.org/discord-api-types/-/discord-api-types-0.37.50.tgz 38777ms (cache miss)
544 http fetch GET 200 https://registry.npmjs.org/discord-api-types/-/discord-api-types-0.37.50.tgz 38692ms (cache miss)
545 timing reifyNode:node_modules/discord.js/node_modules/discord-api-types Completed in 40879ms
546 timing reifyNode:node_modules/@discordjs/ws/node_modules/discord-api-types Completed in 40876ms
547 http fetch GET 200 https://registry.npmjs.org/@derockdev/discord-components-core/-/discord-components-core-3.6.1.tgz 40527ms (cache miss)
548 timing reifyNode:node_modules/@derockdev/discord-components-core Completed in 42391ms
549 http fetch GET 200 https://registry.npmjs.org/highlight.js/-/highlight.js-11.8.0.tgz 41071ms (cache miss)
550 timing reifyNode:node_modules/highlight.js Completed in 42481ms
551 http fetch GET 200 https://registry.npmjs.org/@stencil/core/-/core-3.4.2.tgz 42137ms (cache miss)
552 timing reifyNode:node_modules/@stencil/core Completed in 43906ms
553 timing reify:unpack Completed in 43932ms
554 timing reify:unretire Completed in 0ms
555 timing build:queue Completed in 466ms
556 timing build:link:node_modules/@stencil/core Completed in 14ms
557 timing build:link:node_modules/node-abi/node_modules/semver Completed in 3ms
558 timing build:link:node_modules/js-yaml Completed in 11ms
559 timing build:link:node_modules/atob Completed in 12ms
560 timing build:link:node_modules/loose-envify Completed in 11ms
561 timing build:link:node_modules/rc Completed in 3ms
562 timing build:link:node_modules/prebuild-install Completed in 11ms
563 timing build:link:node_modules/semver Completed in 3ms
564 timing build:link Completed in 14ms
565 info run better-sqlite3@8.6.0 install node_modules/better-sqlite3 prebuild-install || node-gyp rebuild --release
566 info run better-sqlite3@8.6.0 install { code: 0, signal: null }
567 timing build:run:install:node_modules/better-sqlite3 Completed in 2503ms
568 timing build:run:install Completed in 2503ms
569 timing build:deps Completed in 2985ms
570 timing build Completed in 2985ms
571 timing reify:build Completed in 2985ms
572 timing reify:trash Completed in 0ms
573 timing reify:save Completed in 291ms
574 timing reify Completed in 48696ms
575 silly ADD node_modules/yallist
576 silly ADD node_modules/ws
577 silly ADD node_modules/wrappy
578 silly ADD node_modules/whatwg-url
579 silly ADD node_modules/webidl-conversions
580 silly ADD node_modules/util-deprecate
581 silly ADD node_modules/universalify
582 silly ADD node_modules/undici
583 silly ADD node_modules/twemoji-parser
584 silly ADD node_modules/twemoji
585 silly ADD node_modules/tunnel-agent
586 silly ADD node_modules/tslib
587 silly ADD node_modules/ts-mixer
588 silly ADD node_modules/tr46
589 silly ADD node_modules/token-types
590 silly ADD node_modules/tar-stream
591 silly ADD node_modules/tar-fs
592 silly ADD node_modules/strtok3
593 silly ADD node_modules/stripe
594 silly ADD node_modules/strip-json-comments
595 silly ADD node_modules/string_decoder
596 silly ADD node_modules/streamsearch
597 silly ADD node_modules/simple-markdown
598 silly ADD node_modules/simple-get
599 silly ADD node_modules/simple-concat
600 silly ADD node_modules/side-channel
601 silly ADD node_modules/serialize-javascript
602 silly ADD node_modules/semver
603 silly ADD node_modules/scheduler
604 silly ADD node_modules/safe-buffer
605 silly ADD node_modules/readable-web-to-node-stream
606 silly ADD node_modules/readable-stream
607 silly ADD node_modules/react-dom
608 silly ADD node_modules/react
609 silly ADD node_modules/rc
610 silly ADD node_modules/randombytes
611 silly ADD node_modules/qs
612 silly ADD node_modules/pump
613 silly ADD node_modules/proxy-from-env
614 silly ADD node_modules/prebuild-install
615 silly ADD node_modules/peek-readable
616 silly ADD node_modules/paypal-rest-sdk
617 silly ADD node_modules/path-is-absolute
618 silly ADD node_modules/once
619 silly ADD node_modules/on-change
620 silly ADD node_modules/object-inspect
621 silly ADD node_modules/node-fetch
622 silly ADD node_modules/node-abi
623 silly ADD node_modules/node-abi/node_modules/semver
624 silly ADD node_modules/napi-build-utils
625 silly ADD node_modules/ms
626 silly ADD node_modules/moment-timezone
627 silly ADD node_modules/moment
628 silly ADD node_modules/mkdirp-classic
629 silly ADD node_modules/minimist
630 silly ADD node_modules/minimatch
631 silly ADD node_modules/mimic-response
632 silly ADD node_modules/mime-types
633 silly ADD node_modules/mime-db
634 silly ADD node_modules/magic-bytes.js
635 silly ADD node_modules/lru-cache
636 silly ADD node_modules/loose-envify
637 silly ADD node_modules/lodash.snakecase
638 silly ADD node_modules/lodash
639 silly ADD node_modules/jsonfile
640 silly ADD node_modules/js-yaml
641 silly ADD node_modules/js-tokens
642 silly ADD node_modules/ini
643 silly ADD node_modules/inherits
644 silly ADD node_modules/inflight
645 silly ADD node_modules/ieee754
646 silly ADD node_modules/highlight.js
647 silly ADD node_modules/hex-to-rgba
648 silly ADD node_modules/has-symbols
649 silly ADD node_modules/has-proto
650 silly ADD node_modules/has
651 silly ADD node_modules/graceful-fs
652 silly ADD node_modules/glob
653 silly ADD node_modules/github-from-package
654 silly ADD node_modules/get-intrinsic
655 silly ADD node_modules/function-bind
656 silly ADD node_modules/fs.realpath
657 silly ADD node_modules/fs-extra
658 silly ADD node_modules/fs-extra/node_modules/jsonfile
659 silly ADD node_modules/fs-constants
660 silly ADD node_modules/form-data
661 silly ADD node_modules/follow-redirects
662 silly ADD node_modules/file-uri-to-path
663 silly ADD node_modules/file-type
664 silly ADD node_modules/fast-deep-equal
665 silly ADD node_modules/expand-template
666 silly ADD node_modules/enmap
667 silly ADD node_modules/end-of-stream
668 silly ADD node_modules/emoji-regex
669 silly ADD node_modules/discord.js
670 silly ADD node_modules/discord.js/node_modules/undici
671 silly ADD node_modules/discord.js/node_modules/discord-api-types
672 silly ADD node_modules/discord.js/node_modules/@discordjs/util
673 silly ADD node_modules/discord.js/node_modules/@discordjs/rest
674 silly ADD node_modules/discord-markdown-parser
675 silly ADD node_modules/discord-html-transcripts
676 silly ADD node_modules/discord-api-types
677 silly ADD node_modules/detect-libc
678 silly ADD node_modules/delayed-stream
679 silly ADD node_modules/deep-extend
680 silly ADD node_modules/decompress-response
681 silly ADD node_modules/csstype
682 silly ADD node_modules/concat-map
683 silly ADD node_modules/combined-stream
684 silly ADD node_modules/clsx
685 silly ADD node_modules/chownr
686 silly ADD node_modules/call-bind
687 silly ADD node_modules/busboy
688 silly ADD node_modules/buffer-crc32
689 silly ADD node_modules/buffer
690 silly ADD node_modules/brace-expansion
691 silly ADD node_modules/bl
692 silly ADD node_modules/bindings
693 silly ADD node_modules/better-sqlite3
694 silly ADD node_modules/base64-js
695 silly ADD node_modules/balanced-match
696 silly ADD node_modules/axios
697 silly ADD node_modules/atob
698 silly ADD node_modules/asynckit
699 silly ADD node_modules/argparse
700 silly ADD node_modules/ansi-colors
701 silly ADD node_modules/@vladfrangu/async_event_emitter
702 silly ADD node_modules/@types/ws
703 silly ADD node_modules/@types/scheduler
704 silly ADD node_modules/@types/react
705 silly ADD node_modules/@types/prop-types
706 silly ADD node_modules/@types/node
707 silly ADD node_modules/@tokenizer/token
708 silly ADD node_modules/@stencil/core
709 silly ADD node_modules/@sapphire/snowflake
710 silly ADD node_modules/@sapphire/shapeshift
711 silly ADD node_modules/@sapphire/async-queue
712 silly ADD node_modules/@discordjs/ws
713 silly ADD node_modules/@discordjs/ws/node_modules/undici
714 silly ADD node_modules/@discordjs/ws/node_modules/discord-api-types
715 silly ADD node_modules/@discordjs/ws/node_modules/@discordjs/util
716 silly ADD node_modules/@discordjs/ws/node_modules/@discordjs/rest
717 silly ADD node_modules/@discordjs/util
718 silly ADD node_modules/@discordjs/rest
719 silly ADD node_modules/@discordjs/formatters
720 silly ADD node_modules/@discordjs/formatters/node_modules/discord-api-types
721 silly ADD node_modules/@discordjs/collection
722 silly ADD node_modules/@discordjs/builders
723 silly ADD node_modules/@discordjs/builders/node_modules/discord-api-types
724 silly ADD node_modules/@discordjs/builders/node_modules/@discordjs/util
725 silly ADD node_modules/@derockdev/discord-components-react
726 silly ADD node_modules/@derockdev/discord-components-core
727 timing command:install Completed in 49037ms
728 verbose exit 0
729 timing npm Completed in 50607ms
730 info ok
